0 info it worked if it ends with ok
1 verbose cli [ '/usr/local/bin/node',
1 verbose cli   '/usr/local/bin/npm',
1 verbose cli   'install',
1 verbose cli   'homebrew' ]
2 info using npm@3.10.10
3 info using node@v6.9.5
4 silly loadCurrentTree Starting
5 silly install loadCurrentTree
6 silly install readLocalPackageData
7 silly fetchPackageMetaData homebrew
8 silly fetchNamedPackageData homebrew
9 silly mapToRegistry name homebrew
10 silly mapToRegistry using default registry
11 silly mapToRegistry registry https://registry.npmjs.org/
12 silly mapToRegistry data Result {
12 silly mapToRegistry   raw: 'homebrew',
12 silly mapToRegistry   scope: null,
12 silly mapToRegistry   escapedName: 'homebrew',
12 silly mapToRegistry   name: 'homebrew',
12 silly mapToRegistry   rawSpec: '',
12 silly mapToRegistry   spec: 'latest',
12 silly mapToRegistry   type: 'tag' }
13 silly mapToRegistry uri https://registry.npmjs.org/homebrew
14 verbose request uri https://registry.npmjs.org/homebrew
15 verbose request no auth needed
16 info attempt registry request try #1 at 11:11:47 AM
17 verbose request id e0a6dcfedeb01eab
18 http request GET https://registry.npmjs.org/homebrew
19 http 200 https://registry.npmjs.org/homebrew
20 verbose headers { server: 'nginx/1.10.1',
20 verbose headers   'content-type': 'application/json',
20 verbose headers   'last-modified': 'Fri, 24 Feb 2017 14:29:16 GMT',
20 verbose headers   etag: 'W/"58b0433c-100c"',
20 verbose headers   'content-encoding': 'gzip',
20 verbose headers   'cache-control': 'max-age=300',
20 verbose headers   'content-length': '1040',
20 verbose headers   'accept-ranges': 'bytes',
20 verbose headers   date: 'Mon, 13 Mar 2017 18:11:48 GMT',
20 verbose headers   via: '1.1 varnish',
20 verbose headers   age: '0',
20 verbose headers   connection: 'keep-alive',
20 verbose headers   'x-served-by': 'cache-lax8631-LAX',
20 verbose headers   'x-cache': 'MISS',
20 verbose headers   'x-cache-hits': '0',
20 verbose headers   'x-timer': 'S1489428707.977189,VS0,VE168',
20 verbose headers   vary: 'Accept-Encoding' }
21 silly get cb [ 200,
21 silly get   { server: 'nginx/1.10.1',
21 silly get     'content-type': 'application/json',
21 silly get     'last-modified': 'Fri, 24 Feb 2017 14:29:16 GMT',
21 silly get     etag: 'W/"58b0433c-100c"',
21 silly get     'content-encoding': 'gzip',
21 silly get     'cache-control': 'max-age=300',
21 silly get     'content-length': '1040',
21 silly get     'accept-ranges': 'bytes',
21 silly get     date: 'Mon, 13 Mar 2017 18:11:48 GMT',
21 silly get     via: '1.1 varnish',
21 silly get     age: '0',
21 silly get     connection: 'keep-alive',
21 silly get     'x-served-by': 'cache-lax8631-LAX',
21 silly get     'x-cache': 'MISS',
21 silly get     'x-cache-hits': '0',
21 silly get     'x-timer': 'S1489428707.977189,VS0,VE168',
21 silly get     vary: 'Accept-Encoding' } ]
22 verbose get saving homebrew to /Users/sandrahenkel/.npm/registry.npmjs.org/homebrew/.cache.json
23 verbose correctMkdir /Users/sandrahenkel/.npm correctMkdir not in flight; initializing
24 silly install normalizeTree
25 silly loadCurrentTree Finishing
26 silly loadIdealTree Starting
27 silly install loadIdealTree
28 silly cloneCurrentTree Starting
29 silly install cloneCurrentTreeToIdealTree
30 silly cloneCurrentTree Finishing
31 silly loadShrinkwrap Starting
32 silly install loadShrinkwrap
33 silly loadShrinkwrap Finishing
34 silly loadAllDepsIntoIdealTree Starting
35 silly install loadAllDepsIntoIdealTree
36 silly resolveWithNewModule homebrew@0.1.0 checking installable status
37 silly cache add args [ 'homebrew', null ]
38 verbose cache add spec homebrew
39 silly cache add parsed spec Result {
39 silly cache add   raw: 'homebrew',
39 silly cache add   scope: null,
39 silly cache add   escapedName: 'homebrew',
39 silly cache add   name: 'homebrew',
39 silly cache add   rawSpec: '',
39 silly cache add   spec: 'latest',
39 silly cache add   type: 'tag' }
40 silly addNamed homebrew@latest
41 verbose addNamed "latest" is being treated as a dist-tag for homebrew
42 info addNameTag [ 'homebrew', 'latest' ]
43 silly mapToRegistry name homebrew
44 silly mapToRegistry using default registry
45 silly mapToRegistry registry https://registry.npmjs.org/
46 silly mapToRegistry data Result {
46 silly mapToRegistry   raw: 'homebrew',
46 silly mapToRegistry   scope: null,
46 silly mapToRegistry   escapedName: 'homebrew',
46 silly mapToRegistry   name: 'homebrew',
46 silly mapToRegistry   rawSpec: '',
46 silly mapToRegistry   spec: 'latest',
46 silly mapToRegistry   type: 'tag' }
47 silly mapToRegistry uri https://registry.npmjs.org/homebrew
48 verbose addNameTag registry:https://registry.npmjs.org/homebrew not in flight; fetching
49 verbose get https://registry.npmjs.org/homebrew not expired, no request
50 silly addNameTag next cb for homebrew with tag latest
51 silly addNamed homebrew@0.1.0
52 verbose addNamed "0.1.0" is a plain semver version for homebrew
53 silly mapToRegistry name homebrew
54 silly mapToRegistry using default registry
55 silly mapToRegistry registry https://registry.npmjs.org/
56 silly mapToRegistry data Result {
56 silly mapToRegistry   raw: 'homebrew',
56 silly mapToRegistry   scope: null,
56 silly mapToRegistry   escapedName: 'homebrew',
56 silly mapToRegistry   name: 'homebrew',
56 silly mapToRegistry   rawSpec: '',
56 silly mapToRegistry   spec: 'latest',
56 silly mapToRegistry   type: 'tag' }
57 silly mapToRegistry uri https://registry.npmjs.org/homebrew
58 verbose addRemoteTarball https://registry.npmjs.org/homebrew/-/homebrew-0.1.0.tgz not in flight; adding
59 verbose addRemoteTarball [ 'https://registry.npmjs.org/homebrew/-/homebrew-0.1.0.tgz',
59 verbose addRemoteTarball   'cf898055ed935acf00da696a9078877f27c4ad57' ]
60 info retry fetch attempt 1 at 11:11:48 AM
61 info attempt registry request try #1 at 11:11:48 AM
62 http fetch GET https://registry.npmjs.org/homebrew/-/homebrew-0.1.0.tgz
63 http fetch 200 https://registry.npmjs.org/homebrew/-/homebrew-0.1.0.tgz
64 silly fetchAndShaCheck shasum cf898055ed935acf00da696a9078877f27c4ad57
65 verbose addTmpTarball /var/folders/mh/gdjzsfmd2c9875tcgfv5hx980000gn/T/npm-21962-62ce5c7b/registry.npmjs.org/homebrew/-/homebrew-0.1.0.tgz not in flight; adding
66 verbose addTmpTarball already have metadata; skipping unpack for homebrew@0.1.0
67 verbose correctMkdir /Users/sandrahenkel/.npm correctMkdir not in flight; initializing
68 silly cache afterAdd homebrew@0.1.0
69 verbose afterAdd /Users/sandrahenkel/.npm/homebrew/0.1.0/package/package.json not in flight; writing
70 verbose correctMkdir /Users/sandrahenkel/.npm correctMkdir not in flight; initializing
71 verbose afterAdd /Users/sandrahenkel/.npm/homebrew/0.1.0/package/package.json written
72 silly loadAllDepsIntoIdealTree Finishing
73 silly loadIdealTree Finishing
74 silly currentTree what-to-do@1.0.0
74 silly currentTree ├── abbrev@1.1.0
74 silly currentTree ├── accepts@1.3.3
74 silly currentTree ├── acorn-dynamic-import@2.0.2
74 silly currentTree ├─┬ acorn-jsx@3.0.1
74 silly currentTree │ └── acorn@3.3.0
74 silly currentTree ├── acorn@4.0.4
74 silly currentTree ├── ajv-keywords@1.5.1
74 silly currentTree ├── ajv@4.11.4
74 silly currentTree ├── align-text@0.1.4
74 silly currentTree ├── ansi-escapes@1.4.0
74 silly currentTree ├── ansi-regex@2.1.1
74 silly currentTree ├── ansi-styles@2.2.1
74 silly currentTree ├── anymatch@1.3.0
74 silly currentTree ├── argparse@1.0.9
74 silly currentTree ├── aria-query@0.3.0
74 silly currentTree ├── arr-diff@2.0.0
74 silly currentTree ├── arr-flatten@1.0.1
74 silly currentTree ├── array-flatten@1.1.1
74 silly currentTree ├── array-union@1.0.2
74 silly currentTree ├── array-uniq@1.0.3
74 silly currentTree ├── array-unique@0.2.1
74 silly currentTree ├── array.prototype.find@2.0.3
74 silly currentTree ├── arrify@1.0.1
74 silly currentTree ├── asap@2.0.5
74 silly currentTree ├── asn1.js@4.9.1
74 silly currentTree ├── asn1@0.2.3
74 silly currentTree ├── assert-plus@0.2.0
74 silly currentTree ├── assert@1.4.1
74 silly currentTree ├── ast-types-flow@0.0.7
74 silly currentTree ├── async-each@1.0.1
74 silly currentTree ├── async@2.1.5
74 silly currentTree ├── asynckit@0.4.0
74 silly currentTree ├── aws-sign2@0.6.0
74 silly currentTree ├── aws4@1.6.0
74 silly currentTree ├── axios@0.15.3
74 silly currentTree ├── babel-code-frame@6.22.0
74 silly currentTree ├── babel-core@6.23.1
74 silly currentTree ├── babel-generator@6.23.0
74 silly currentTree ├── babel-helper-bindify-decorators@6.22.0
74 silly currentTree ├── babel-helper-builder-binary-assignment-operator-visitor@6.22.0
74 silly currentTree ├── babel-helper-builder-react-jsx@6.23.0
74 silly currentTree ├── babel-helper-call-delegate@6.22.0
74 silly currentTree ├── babel-helper-define-map@6.23.0
74 silly currentTree ├── babel-helper-explode-assignable-expression@6.22.0
74 silly currentTree ├── babel-helper-explode-class@6.22.0
74 silly currentTree ├── babel-helper-function-name@6.23.0
74 silly currentTree ├── babel-helper-get-function-arity@6.22.0
74 silly currentTree ├── babel-helper-hoist-variables@6.22.0
74 silly currentTree ├── babel-helper-optimise-call-expression@6.23.0
74 silly currentTree ├── babel-helper-regex@6.22.0
74 silly currentTree ├── babel-helper-remap-async-to-generator@6.22.0
74 silly currentTree ├── babel-helper-replace-supers@6.23.0
74 silly currentTree ├── babel-helpers@6.23.0
74 silly currentTree ├── babel-loader@6.4.0
74 silly currentTree ├── babel-messages@6.23.0
74 silly currentTree ├── babel-plugin-check-es2015-constants@6.22.0
74 silly currentTree ├── babel-plugin-syntax-async-functions@6.13.0
74 silly currentTree ├── babel-plugin-syntax-async-generators@6.13.0
74 silly currentTree ├── babel-plugin-syntax-class-properties@6.13.0
74 silly currentTree ├── babel-plugin-syntax-decorators@6.13.0
74 silly currentTree ├── babel-plugin-syntax-dynamic-import@6.18.0
74 silly currentTree ├── babel-plugin-syntax-exponentiation-operator@6.13.0
74 silly currentTree ├── babel-plugin-syntax-flow@6.18.0
74 silly currentTree ├── babel-plugin-syntax-jsx@6.18.0
74 silly currentTree ├── babel-plugin-syntax-object-rest-spread@6.13.0
74 silly currentTree ├── babel-plugin-syntax-trailing-function-commas@6.22.0
74 silly currentTree ├── babel-plugin-transform-async-generator-functions@6.22.0
74 silly currentTree ├── babel-plugin-transform-async-to-generator@6.22.0
74 silly currentTree ├── babel-plugin-transform-class-properties@6.23.0
74 silly currentTree ├── babel-plugin-transform-decorators-legacy@1.3.4
74 silly currentTree ├── babel-plugin-transform-decorators@6.22.0
74 silly currentTree ├── babel-plugin-transform-es2015-arrow-functions@6.22.0
74 silly currentTree ├── babel-plugin-transform-es2015-block-scoped-functions@6.22.0
74 silly currentTree ├── babel-plugin-transform-es2015-block-scoping@6.23.0
74 silly currentTree ├── babel-plugin-transform-es2015-classes@6.23.0
74 silly currentTree ├── babel-plugin-transform-es2015-computed-properties@6.22.0
74 silly currentTree ├── babel-plugin-transform-es2015-destructuring@6.23.0
74 silly currentTree ├── babel-plugin-transform-es2015-duplicate-keys@6.22.0
74 silly currentTree ├── babel-plugin-transform-es2015-for-of@6.23.0
74 silly currentTree ├── babel-plugin-transform-es2015-function-name@6.22.0
74 silly currentTree ├── babel-plugin-transform-es2015-literals@6.22.0
74 silly currentTree ├── babel-plugin-transform-es2015-modules-amd@6.22.0
74 silly currentTree ├── babel-plugin-transform-es2015-modules-commonjs@6.23.0
74 silly currentTree ├── babel-plugin-transform-es2015-modules-systemjs@6.23.0
74 silly currentTree ├── babel-plugin-transform-es2015-modules-umd@6.23.0
74 silly currentTree ├── babel-plugin-transform-es2015-object-super@6.22.0
74 silly currentTree ├── babel-plugin-transform-es2015-parameters@6.23.0
74 silly currentTree ├── babel-plugin-transform-es2015-shorthand-properties@6.22.0
74 silly currentTree ├── babel-plugin-transform-es2015-spread@6.22.0
74 silly currentTree ├── babel-plugin-transform-es2015-sticky-regex@6.22.0
74 silly currentTree ├── babel-plugin-transform-es2015-template-literals@6.22.0
74 silly currentTree ├── babel-plugin-transform-es2015-typeof-symbol@6.23.0
74 silly currentTree ├── babel-plugin-transform-es2015-unicode-regex@6.22.0
74 silly currentTree ├── babel-plugin-transform-exponentiation-operator@6.22.0
74 silly currentTree ├── babel-plugin-transform-flow-strip-types@6.22.0
74 silly currentTree ├── babel-plugin-transform-object-rest-spread@6.23.0
74 silly currentTree ├── babel-plugin-transform-react-display-name@6.23.0
74 silly currentTree ├── babel-plugin-transform-react-jsx-self@6.22.0
74 silly currentTree ├── babel-plugin-transform-react-jsx-source@6.22.0
74 silly currentTree ├── babel-plugin-transform-react-jsx@6.23.0
74 silly currentTree ├── babel-plugin-transform-regenerator@6.22.0
74 silly currentTree ├── babel-plugin-transform-strict-mode@6.22.0
74 silly currentTree ├── babel-preset-es2015@6.22.0
74 silly currentTree ├── babel-preset-flow@6.23.0
74 silly currentTree ├── babel-preset-react@6.23.0
74 silly currentTree ├── babel-preset-stage-2@6.22.0
74 silly currentTree ├── babel-preset-stage-3@6.22.0
74 silly currentTree ├─┬ babel-register@6.23.0
74 silly currentTree │ └── core-js@2.4.1
74 silly currentTree ├─┬ babel-runtime@6.23.0
74 silly currentTree │ └── core-js@2.4.1
74 silly currentTree ├── babel-template@6.23.0
74 silly currentTree ├── babel-traverse@6.23.1
74 silly currentTree ├── babel-types@6.23.0
74 silly currentTree ├── babylon@6.16.1
74 silly currentTree ├── balanced-match@0.4.2
74 silly currentTree ├── base64-js@1.2.0
74 silly currentTree ├── basic-auth@1.1.0
74 silly currentTree ├── bcrypt-pbkdf@1.0.1
74 silly currentTree ├── big.js@3.1.3
74 silly currentTree ├── bignumber.js@3.1.2
74 silly currentTree ├── binary-extensions@1.8.0
74 silly currentTree ├── bluebird@3.5.0
74 silly currentTree ├── bn.js@4.11.6
74 silly currentTree ├─┬ body-parser@1.17.1
74 silly currentTree │ └── debug@2.6.1
74 silly currentTree ├── boom@2.10.1
74 silly currentTree ├── brace-expansion@1.1.6
74 silly currentTree ├── braces@1.8.5
74 silly currentTree ├── brorand@1.1.0
74 silly currentTree ├── browserify-aes@1.0.6
74 silly currentTree ├── browserify-cipher@1.0.0
74 silly currentTree ├── browserify-des@1.0.0
74 silly currentTree ├── browserify-rsa@4.0.1
74 silly currentTree ├── browserify-sign@4.0.0
74 silly currentTree ├── browserify-zlib@0.1.4
74 silly currentTree ├── buffer-shims@1.0.0
74 silly currentTree ├── buffer-xor@1.0.3
74 silly currentTree ├─┬ buffer@4.9.1
74 silly currentTree │ └── isarray@1.0.0
74 silly currentTree ├── builtin-modules@1.1.1
74 silly currentTree ├── builtin-status-codes@3.0.0
74 silly currentTree ├── bytes@2.4.0
74 silly currentTree ├── caller-path@0.1.0
74 silly currentTree ├── callsites@0.2.0
74 silly currentTree ├── camelcase@1.2.1
74 silly currentTree ├── caseless@0.12.0
74 silly currentTree ├── center-align@0.1.3
74 silly currentTree ├── chalk@1.1.3
74 silly currentTree ├── chokidar@1.6.1
74 silly currentTree ├── cipher-base@1.0.3
74 silly currentTree ├── circular-json@0.3.1
74 silly currentTree ├── classnames@2.2.5
74 silly currentTree ├── cli-cursor@1.0.2
74 silly currentTree ├── cli-width@2.1.0
74 silly currentTree ├─┬ cliui@2.1.0
74 silly currentTree │ └── wordwrap@0.0.2
74 silly currentTree ├── co@4.6.0
74 silly currentTree ├── code-point-at@1.1.0
74 silly currentTree ├── combined-stream@1.0.5
74 silly currentTree ├── commondir@1.0.1
74 silly currentTree ├── concat-map@0.0.1
74 silly currentTree ├─┬ concat-stream@1.6.0
74 silly currentTree │ ├── isarray@1.0.0
74 silly currentTree │ └── readable-stream@2.2.3
74 silly currentTree ├─┬ configstore@1.4.0
74 silly currentTree │ └── uuid@2.0.3
74 silly currentTree ├── console-browserify@1.1.0
74 silly currentTree ├── constants-browserify@1.0.0
74 silly currentTree ├── contains-path@0.1.0
74 silly currentTree ├── content-disposition@0.5.2
74 silly currentTree ├── content-type@1.0.2
74 silly currentTree ├── convert-source-map@1.4.0
74 silly currentTree ├── cookie-signature@1.0.6
74 silly currentTree ├── cookie@0.3.1
74 silly currentTree ├── core-js@1.2.7
74 silly currentTree ├── core-util-is@1.0.2
74 silly currentTree ├── create-ecdh@4.0.0
74 silly currentTree ├── create-hash@1.1.2
74 silly currentTree ├── create-hmac@1.1.4
74 silly currentTree ├── cross-env@3.2.3
74 silly currentTree ├── cross-spawn@5.1.0
74 silly currentTree ├── cryptiles@2.0.5
74 silly currentTree ├── crypto-browserify@3.11.0
74 silly currentTree ├── d@0.1.1
74 silly currentTree ├── damerau-levenshtein@1.0.3
74 silly currentTree ├─┬ dashdash@1.14.1
74 silly currentTree │ └── assert-plus@1.0.0
74 silly currentTree ├── date-now@0.1.4
74 silly currentTree ├── debug@2.6.2
74 silly currentTree ├── decamelize@1.2.0
74 silly currentTree ├── deep-extend@0.4.1
74 silly currentTree ├── deep-is@0.1.3
74 silly currentTree ├── define-properties@1.1.2
74 silly currentTree ├── del@2.2.2
74 silly currentTree ├── delayed-stream@1.0.0
74 silly currentTree ├── depd@1.1.0
74 silly currentTree ├── des.js@1.0.0
74 silly currentTree ├── destroy@1.0.4
74 silly currentTree ├── detect-indent@4.0.0
74 silly currentTree ├── diffie-hellman@5.0.2
74 silly currentTree ├─┬ doctrine@1.5.0
74 silly currentTree │ └── isarray@1.0.0
74 silly currentTree ├── domain-browser@1.1.7
74 silly currentTree ├── dottie@1.1.1
74 silly currentTree ├── duplexer@0.1.1
74 silly currentTree ├─┬ duplexify@3.5.0
74 silly currentTree │ ├── isarray@1.0.0
74 silly currentTree │ └── readable-stream@2.2.3
74 silly currentTree ├── ecc-jsbn@0.1.1
74 silly currentTree ├── ee-first@1.1.1
74 silly currentTree ├── elliptic@6.4.0
74 silly currentTree ├── emoji-regex@6.1.3
74 silly currentTree ├── emojis-list@2.1.0
74 silly currentTree ├── encodeurl@1.0.1
74 silly currentTree ├── encoding@0.1.12
74 silly currentTree ├─┬ end-of-stream@1.0.0
74 silly currentTree │ └── once@1.3.3
74 silly currentTree ├── enhanced-resolve@3.1.0
74 silly currentTree ├── errno@0.1.4
74 silly currentTree ├── error-ex@1.3.1
74 silly currentTree ├── es-abstract@1.7.0
74 silly currentTree ├── es-to-primitive@1.1.1
74 silly currentTree ├── es5-ext@0.10.12
74 silly currentTree ├── es6-iterator@2.0.0
74 silly currentTree ├── es6-map@0.1.4
74 silly currentTree ├── es6-promise@3.3.1
74 silly currentTree ├── es6-set@0.1.4
74 silly currentTree ├── es6-symbol@3.1.0
74 silly currentTree ├── es6-weak-map@2.0.1
74 silly currentTree ├── escape-html@1.0.3
74 silly currentTree ├── escape-string-regexp@1.0.5
74 silly currentTree ├── escope@3.6.0
74 silly currentTree ├── eslint-config-airbnb-base@11.1.1
74 silly currentTree ├── eslint-config-airbnb@14.1.0
74 silly currentTree ├── eslint-import-resolver-node@0.2.3
74 silly currentTree ├─┬ eslint-module-utils@2.0.0
74 silly currentTree │ ├── debug@2.2.0
74 silly currentTree │ └── ms@0.7.1
74 silly currentTree ├── eslint-plugin-import@2.2.0
74 silly currentTree ├── eslint-plugin-jsx-a11y@4.0.0
74 silly currentTree ├── eslint-plugin-react@6.10.0
74 silly currentTree ├── eslint@3.17.1
74 silly currentTree ├── espree@3.4.0
74 silly currentTree ├── esprima@3.1.3
74 silly currentTree ├─┬ esrecurse@4.1.0
74 silly currentTree │ └── estraverse@4.1.1
74 silly currentTree ├── estraverse@4.2.0
74 silly currentTree ├── esutils@2.0.2
74 silly currentTree ├── etag@1.8.0
74 silly currentTree ├── event-emitter@0.3.4
74 silly currentTree ├── event-stream@3.3.4
74 silly currentTree ├── events@1.1.1
74 silly currentTree ├── evp_bytestokey@1.0.0
74 silly currentTree ├── exit-hook@1.1.1
74 silly currentTree ├── expand-brackets@0.1.5
74 silly currentTree ├── expand-range@1.8.2
74 silly currentTree ├─┬ express@4.15.2
74 silly currentTree │ └── debug@2.6.1
74 silly currentTree ├── extend@3.0.0
74 silly currentTree ├── extglob@0.3.2
74 silly currentTree ├── extsprintf@1.0.2
74 silly currentTree ├── fast-levenshtein@2.0.6
74 silly currentTree ├── fbjs@0.8.9
74 silly currentTree ├── figures@1.7.0
74 silly currentTree ├── file-entry-cache@2.0.0
74 silly currentTree ├── filename-regex@2.0.0
74 silly currentTree ├── fill-range@2.2.3
74 silly currentTree ├─┬ finalhandler@1.0.0
74 silly currentTree │ └── debug@2.6.1
74 silly currentTree ├── find-cache-dir@0.1.1
74 silly currentTree ├── find-up@1.1.2
74 silly currentTree ├── flat-cache@1.2.2
74 silly currentTree ├── follow-redirects@1.0.0
74 silly currentTree ├── for-in@1.0.2
74 silly currentTree ├── for-own@0.1.5
74 silly currentTree ├── foreach@2.0.5
74 silly currentTree ├── forever-agent@0.6.1
74 silly currentTree ├── form-data@2.1.2
74 silly currentTree ├── forwarded@0.1.0
74 silly currentTree ├── fresh@0.5.0
74 silly currentTree ├── from@0.1.3
74 silly currentTree ├── fs.realpath@1.0.0
74 silly currentTree ├─┬ fsevents@1.1.1
74 silly currentTree │ ├── abbrev@1.1.0
74 silly currentTree │ ├── ansi-regex@2.1.1
74 silly currentTree │ ├── ansi-styles@2.2.1
74 silly currentTree │ ├── aproba@1.1.1
74 silly currentTree │ ├── are-we-there-yet@1.1.2
74 silly currentTree │ ├── asn1@0.2.3
74 silly currentTree │ ├── assert-plus@0.2.0
74 silly currentTree │ ├── asynckit@0.4.0
74 silly currentTree │ ├── aws-sign2@0.6.0
74 silly currentTree │ ├── aws4@1.6.0
74 silly currentTree │ ├── balanced-match@0.4.2
74 silly currentTree │ ├── bcrypt-pbkdf@1.0.1
74 silly currentTree │ ├── block-stream@0.0.9
74 silly currentTree │ ├── boom@2.10.1
74 silly currentTree │ ├── brace-expansion@1.1.6
74 silly currentTree │ ├── buffer-shims@1.0.0
74 silly currentTree │ ├── caseless@0.11.0
74 silly currentTree │ ├── chalk@1.1.3
74 silly currentTree │ ├── code-point-at@1.1.0
74 silly currentTree │ ├── combined-stream@1.0.5
74 silly currentTree │ ├── commander@2.9.0
74 silly currentTree │ ├── concat-map@0.0.1
74 silly currentTree │ ├── console-control-strings@1.1.0
74 silly currentTree │ ├── core-util-is@1.0.2
74 silly currentTree │ ├── cryptiles@2.0.5
74 silly currentTree │ ├─┬ dashdash@1.14.1
74 silly currentTree │ │ └── assert-plus@1.0.0
74 silly currentTree │ ├── debug@2.2.0
74 silly currentTree │ ├── deep-extend@0.4.1
74 silly currentTree │ ├── delayed-stream@1.0.0
74 silly currentTree │ ├── delegates@1.0.0
74 silly currentTree │ ├── ecc-jsbn@0.1.1
74 silly currentTree │ ├── escape-string-regexp@1.0.5
74 silly currentTree │ ├── extend@3.0.0
74 silly currentTree │ ├── extsprintf@1.0.2
74 silly currentTree │ ├── forever-agent@0.6.1
74 silly currentTree │ ├── form-data@2.1.2
74 silly currentTree │ ├── fs.realpath@1.0.0
74 silly currentTree │ ├── fstream-ignore@1.0.5
74 silly currentTree │ ├── fstream@1.0.10
74 silly currentTree │ ├── gauge@2.7.3
74 silly currentTree │ ├── generate-function@2.0.0
74 silly currentTree │ ├── generate-object-property@1.2.0
74 silly currentTree │ ├─┬ getpass@0.1.6
74 silly currentTree │ │ └── assert-plus@1.0.0
74 silly currentTree │ ├── glob@7.1.1
74 silly currentTree │ ├── graceful-fs@4.1.11
74 silly currentTree │ ├── graceful-readlink@1.0.1
74 silly currentTree │ ├── har-validator@2.0.6
74 silly currentTree │ ├── has-ansi@2.0.0
74 silly currentTree │ ├── has-unicode@2.0.1
74 silly currentTree │ ├── hawk@3.1.3
74 silly currentTree │ ├── hoek@2.16.3
74 silly currentTree │ ├── http-signature@1.1.1
74 silly currentTree │ ├── inflight@1.0.6
74 silly currentTree │ ├── inherits@2.0.3
74 silly currentTree │ ├── ini@1.3.4
74 silly currentTree │ ├── is-fullwidth-code-point@1.0.0
74 silly currentTree │ ├── is-my-json-valid@2.15.0
74 silly currentTree │ ├── is-property@1.0.2
74 silly currentTree │ ├── is-typedarray@1.0.0
74 silly currentTree │ ├── isarray@1.0.0
74 silly currentTree │ ├── isstream@0.1.2
74 silly currentTree │ ├── jodid25519@1.0.2
74 silly currentTree │ ├── jsbn@0.1.1
74 silly currentTree │ ├── json-schema@0.2.3
74 silly currentTree │ ├── json-stringify-safe@5.0.1
74 silly currentTree │ ├── jsonpointer@4.0.1
74 silly currentTree │ ├── jsprim@1.3.1
74 silly currentTree │ ├── mime-db@1.26.0
74 silly currentTree │ ├── mime-types@2.1.14
74 silly currentTree │ ├── minimatch@3.0.3
74 silly currentTree │ ├── minimist@0.0.8
74 silly currentTree │ ├── mkdirp@0.5.1
74 silly currentTree │ ├── ms@0.7.1
74 silly currentTree │ ├── node-pre-gyp@0.6.33
74 silly currentTree │ ├── nopt@3.0.6
74 silly currentTree │ ├── npmlog@4.0.2
74 silly currentTree │ ├── number-is-nan@1.0.1
74 silly currentTree │ ├── oauth-sign@0.8.2
74 silly currentTree │ ├── object-assign@4.1.1
74 silly currentTree │ ├── once@1.4.0
74 silly currentTree │ ├── path-is-absolute@1.0.1
74 silly currentTree │ ├── pinkie-promise@2.0.1
74 silly currentTree │ ├── pinkie@2.0.4
74 silly currentTree │ ├── process-nextick-args@1.0.7
74 silly currentTree │ ├── punycode@1.4.1
74 silly currentTree │ ├── qs@6.3.1
74 silly currentTree │ ├─┬ rc@1.1.7
74 silly currentTree │ │ └── minimist@1.2.0
74 silly currentTree │ ├── readable-stream@2.2.2
74 silly currentTree │ ├── request@2.79.0
74 silly currentTree │ ├── rimraf@2.5.4
74 silly currentTree │ ├── semver@5.3.0
74 silly currentTree │ ├── set-blocking@2.0.0
74 silly currentTree │ ├── signal-exit@3.0.2
74 silly currentTree │ ├── sntp@1.0.9
74 silly currentTree │ ├─┬ sshpk@1.10.2
74 silly currentTree │ │ └── assert-plus@1.0.0
74 silly currentTree │ ├── string_decoder@0.10.31
74 silly currentTree │ ├── string-width@1.0.2
74 silly currentTree │ ├── stringstream@0.0.5
74 silly currentTree │ ├── strip-ansi@3.0.1
74 silly currentTree │ ├── strip-json-comments@2.0.1
74 silly currentTree │ ├── supports-color@2.0.0
74 silly currentTree │ ├─┬ tar-pack@3.3.0
74 silly currentTree │ │ ├── once@1.3.3
74 silly currentTree │ │ └── readable-stream@2.1.5
74 silly currentTree │ ├── tar@2.2.1
74 silly currentTree │ ├── tough-cookie@2.3.2
74 silly currentTree │ ├── tunnel-agent@0.4.3
74 silly currentTree │ ├── tweetnacl@0.14.5
74 silly currentTree │ ├── uid-number@0.0.6
74 silly currentTree │ ├── util-deprecate@1.0.2
74 silly currentTree │ ├── uuid@3.0.1
74 silly currentTree │ ├── verror@1.3.6
74 silly currentTree │ ├── wide-align@1.1.0
74 silly currentTree │ ├── wrappy@1.0.2
74 silly currentTree │ └── xtend@4.0.1
74 silly currentTree ├── function-bind@1.1.0
74 silly currentTree ├── generate-function@2.0.0
74 silly currentTree ├── generate-object-property@1.2.0
74 silly currentTree ├── generic-pool@2.4.2
74 silly currentTree ├── get-caller-file@1.0.2
74 silly currentTree ├─┬ getpass@0.1.6
74 silly currentTree │ └── assert-plus@1.0.0
74 silly currentTree ├── glob-base@0.3.0
74 silly currentTree ├── glob-parent@2.0.0
74 silly currentTree ├── glob@7.1.1
74 silly currentTree ├── globals@9.16.0
74 silly currentTree ├── globby@5.0.0
74 silly currentTree ├─┬ got@3.3.1
74 silly currentTree │ └── object-assign@3.0.0
74 silly currentTree ├── graceful-fs@4.1.11
74 silly currentTree ├── har-schema@1.0.5
74 silly currentTree ├── har-validator@4.2.1
74 silly currentTree ├── has-ansi@2.0.0
74 silly currentTree ├── has-flag@1.0.0
74 silly currentTree ├── has@1.0.1
74 silly currentTree ├── hash.js@1.0.3
74 silly currentTree ├── hawk@3.1.3
74 silly currentTree ├── hmac-drbg@1.0.0
74 silly currentTree ├── hoek@2.16.3
74 silly currentTree ├── hoist-non-react-statics@1.2.0
74 silly currentTree ├── home-or-tmp@2.0.0
74 silly currentTree ├── hosted-git-info@2.2.0
74 silly currentTree ├── http-errors@1.6.1
74 silly currentTree ├── http-signature@1.1.1
74 silly currentTree ├── https-browserify@0.0.1
74 silly currentTree ├── iconv-lite@0.4.15
74 silly currentTree ├── ieee754@1.1.8
74 silly currentTree ├── ignore-by-default@1.0.1
74 silly currentTree ├── ignore@3.2.4
74 silly currentTree ├── imurmurhash@0.1.4
74 silly currentTree ├── indexof@0.0.1
74 silly currentTree ├── infinity-agent@2.0.3
74 silly currentTree ├── inflection@1.12.0
74 silly currentTree ├── inflight@1.0.6
74 silly currentTree ├── inherits@2.0.3
74 silly currentTree ├── ini@1.3.4
74 silly currentTree ├── inquirer@0.12.0
74 silly currentTree ├── interpret@1.0.1
74 silly currentTree ├── invariant@2.2.2
74 silly currentTree ├── invert-kv@1.0.0
74 silly currentTree ├── ipaddr.js@1.2.0
74 silly currentTree ├── is-arrayish@0.2.1
74 silly currentTree ├── is-binary-path@1.0.1
74 silly currentTree ├── is-buffer@1.1.5
74 silly currentTree ├── is-builtin-module@1.0.0
74 silly currentTree ├── is-callable@1.1.3
74 silly currentTree ├── is-date-object@1.0.1
74 silly currentTree ├── is-dotfile@1.0.2
74 silly currentTree ├── is-equal-shallow@0.1.3
74 silly currentTree ├── is-extendable@0.1.1
74 silly currentTree ├── is-extglob@1.0.0
74 silly currentTree ├── is-finite@1.0.2
74 silly currentTree ├── is-fullwidth-code-point@1.0.0
74 silly currentTree ├── is-glob@2.0.1
74 silly currentTree ├── is-my-json-valid@2.16.0
74 silly currentTree ├── is-npm@1.0.0
74 silly currentTree ├── is-number@2.1.0
74 silly currentTree ├── is-path-cwd@1.0.0
74 silly currentTree ├── is-path-in-cwd@1.0.0
74 silly currentTree ├── is-path-inside@1.0.0
74 silly currentTree ├── is-posix-bracket@0.1.1
74 silly currentTree ├── is-primitive@2.0.0
74 silly currentTree ├── is-property@1.0.2
74 silly currentTree ├── is-redirect@1.0.0
74 silly currentTree ├── is-regex@1.0.4
74 silly currentTree ├── is-resolvable@1.0.0
74 silly currentTree ├── is-stream@1.1.0
74 silly currentTree ├── is-symbol@1.0.1
74 silly currentTree ├── is-typedarray@1.0.0
74 silly currentTree ├── is-utf8@0.2.1
74 silly currentTree ├── is-windows@1.0.0
74 silly currentTree ├── isarray@0.0.1
74 silly currentTree ├── isexe@1.1.2
74 silly currentTree ├─┬ isobject@2.1.0
74 silly currentTree │ └── isarray@1.0.0
74 silly currentTree ├── isomorphic-fetch@2.2.1
74 silly currentTree ├── isstream@0.1.2
74 silly currentTree ├── jodid25519@1.0.2
74 silly currentTree ├── js-tokens@3.0.1
74 silly currentTree ├── js-yaml@3.8.2
74 silly currentTree ├── jsbn@0.1.1
74 silly currentTree ├── jsesc@1.3.0
74 silly currentTree ├── json-loader@0.5.4
74 silly currentTree ├── json-schema@0.2.3
74 silly currentTree ├── json-stable-stringify@1.0.1
74 silly currentTree ├── json-stringify-safe@5.0.1
74 silly currentTree ├── json5@0.5.1
74 silly currentTree ├── jsonify@0.0.0
74 silly currentTree ├── jsonpointer@4.0.1
74 silly currentTree ├── jsprim@1.3.1
74 silly currentTree ├── jsx-ast-utils@1.4.0
74 silly currentTree ├── kind-of@3.1.0
74 silly currentTree ├── latest-version@1.0.1
74 silly currentTree ├── lazy-cache@1.0.4
74 silly currentTree ├── lcid@1.0.0
74 silly currentTree ├── levn@0.3.0
74 silly currentTree ├─┬ load-json-file@1.1.0
74 silly currentTree │ └── strip-bom@2.0.0
74 silly currentTree ├── loader-runner@2.3.0
74 silly currentTree ├── loader-utils@0.2.17
74 silly currentTree ├── lodash-es@4.17.4
74 silly currentTree ├── lodash._baseassign@3.2.0
74 silly currentTree ├── lodash._basecopy@3.0.1
74 silly currentTree ├── lodash._bindcallback@3.0.1
74 silly currentTree ├── lodash._createassigner@3.1.1
74 silly currentTree ├── lodash._getnative@3.9.1
74 silly currentTree ├── lodash._isiterateecall@3.0.9
74 silly currentTree ├── lodash.assign@3.2.0
74 silly currentTree ├── lodash.cond@4.5.2
74 silly currentTree ├── lodash.defaults@3.1.2
74 silly currentTree ├── lodash.isarguments@3.1.0
74 silly currentTree ├── lodash.isarray@3.0.4
74 silly currentTree ├── lodash.keys@3.1.2
74 silly currentTree ├── lodash.restparam@3.6.1
74 silly currentTree ├── lodash@4.17.4
74 silly currentTree ├── longest@1.0.1
74 silly currentTree ├── loose-envify@1.3.1
74 silly currentTree ├── lowercase-keys@1.0.0
74 silly currentTree ├── lru-cache@4.0.2
74 silly currentTree ├── map-stream@0.1.0
74 silly currentTree ├── media-typer@0.3.0
74 silly currentTree ├─┬ memory-fs@0.4.1
74 silly currentTree │ ├── isarray@1.0.0
74 silly currentTree │ └── readable-stream@2.2.3
74 silly currentTree ├── merge-descriptors@1.0.1
74 silly currentTree ├── methods@1.1.2
74 silly currentTree ├── micromatch@2.3.11
74 silly currentTree ├── miller-rabin@4.0.0
74 silly currentTree ├── mime-db@1.26.0
74 silly currentTree ├── mime-types@2.1.14
74 silly currentTree ├── mime@1.3.4
74 silly currentTree ├── minimalistic-assert@1.0.0
74 silly currentTree ├── minimalistic-crypto-utils@1.0.1
74 silly currentTree ├── minimatch@3.0.3
74 silly currentTree ├── minimist@0.0.8
74 silly currentTree ├── mkdirp@0.5.1
74 silly currentTree ├── moment-timezone@0.5.11
74 silly currentTree ├── moment@2.17.1
74 silly currentTree ├─┬ morgan@1.8.1
74 silly currentTree │ └── debug@2.6.1
74 silly currentTree ├── ms@0.7.2
74 silly currentTree ├── mute-stream@0.0.5
74 silly currentTree ├── mysql@2.13.0
74 silly currentTree ├── nan@2.5.1
74 silly currentTree ├── natural-compare@1.4.0
74 silly currentTree ├── negotiator@0.6.1
74 silly currentTree ├── nested-error-stacks@1.0.2
74 silly currentTree ├── node-fetch@1.6.3
74 silly currentTree ├─┬ node-libs-browser@2.0.0
74 silly currentTree │ ├── isarray@1.0.0
74 silly currentTree │ └── readable-stream@2.2.3
74 silly currentTree ├── nodemon@1.11.0
74 silly currentTree ├── nopt@1.0.10
74 silly currentTree ├── normalize-package-data@2.3.6
74 silly currentTree ├── normalize-path@2.0.1
74 silly currentTree ├── number-is-nan@1.0.1
74 silly currentTree ├── oauth-sign@0.8.2
74 silly currentTree ├── object-assign@4.1.1
74 silly currentTree ├── object-keys@1.0.11
74 silly currentTree ├── object.assign@4.0.4
74 silly currentTree ├── object.omit@2.0.1
74 silly currentTree ├── on-finished@2.3.0
74 silly currentTree ├── on-headers@1.0.1
74 silly currentTree ├── once@1.4.0
74 silly currentTree ├── onetime@1.1.0
74 silly currentTree ├── optionator@0.8.2
74 silly currentTree ├── os-browserify@0.2.1
74 silly currentTree ├── os-homedir@1.0.2
74 silly currentTree ├── os-locale@1.4.0
74 silly currentTree ├── os-tmpdir@1.0.2
74 silly currentTree ├── osenv@0.1.4
74 silly currentTree ├── package-json@1.2.0
74 silly currentTree ├── pako@0.2.9
74 silly currentTree ├── parse-asn1@5.0.0
74 silly currentTree ├── parse-glob@3.0.4
74 silly currentTree ├── parse-json@2.2.0
74 silly currentTree ├── parseurl@1.3.1
74 silly currentTree ├── path-browserify@0.0.0
74 silly currentTree ├── path-exists@2.1.0
74 silly currentTree ├── path-is-absolute@1.0.1
74 silly currentTree ├── path-is-inside@1.0.2
74 silly currentTree ├── path-parse@1.0.5
74 silly currentTree ├── path-to-regexp@0.1.7
74 silly currentTree ├── path-type@1.1.0
74 silly currentTree ├── path@0.12.7
74 silly currentTree ├── pause-stream@0.0.11
74 silly currentTree ├── pbkdf2@3.0.9
74 silly currentTree ├── performance-now@0.2.0
74 silly currentTree ├── pify@2.3.0
74 silly currentTree ├── pinkie-promise@2.0.1
74 silly currentTree ├── pinkie@2.0.4
74 silly currentTree ├── pkg-dir@1.0.0
74 silly currentTree ├── pkg-up@1.0.0
74 silly currentTree ├── pluralize@1.2.1
74 silly currentTree ├── prelude-ls@1.1.2
74 silly currentTree ├── prepend-http@1.0.4
74 silly currentTree ├── preserve@0.2.0
74 silly currentTree ├── private@0.1.7
74 silly currentTree ├── process-nextick-args@1.0.7
74 silly currentTree ├── process@0.11.9
74 silly currentTree ├── progress@1.1.8
74 silly currentTree ├── promise@7.1.1
74 silly currentTree ├── proxy-addr@1.1.3
74 silly currentTree ├── prr@0.0.0
74 silly currentTree ├── ps-tree@1.1.0
74 silly currentTree ├── pseudomap@1.0.2
74 silly currentTree ├── public-encrypt@4.0.0
74 silly currentTree ├── punycode@1.4.1
74 silly currentTree ├── qs@6.4.0
74 silly currentTree ├── querystring-es3@0.2.1
74 silly currentTree ├── querystring@0.2.0
74 silly currentTree ├── randomatic@1.1.6
74 silly currentTree ├── randombytes@2.0.3
74 silly currentTree ├── range-parser@1.2.0
74 silly currentTree ├── raw-body@2.2.0
74 silly currentTree ├─┬ rc@1.1.7
74 silly currentTree │ └── minimist@1.2.0
74 silly currentTree ├── react-dom@15.4.2
74 silly currentTree ├── react-redux@5.0.3
74 silly currentTree ├── react@15.4.2
74 silly currentTree ├─┬ read-all-stream@3.1.0
74 silly currentTree │ ├── isarray@1.0.0
74 silly currentTree │ └── readable-stream@2.2.3
74 silly currentTree ├── read-pkg-up@1.0.1
74 silly currentTree ├── read-pkg@1.1.0
74 silly currentTree ├── readable-stream@1.1.14
74 silly currentTree ├─┬ readdirp@2.1.0
74 silly currentTree │ ├── isarray@1.0.0
74 silly currentTree │ └── readable-stream@2.2.3
74 silly currentTree ├── readline2@1.0.1
74 silly currentTree ├── rechoir@0.6.2
74 silly currentTree ├── redux@3.6.0
74 silly currentTree ├── regenerate@1.3.2
74 silly currentTree ├── regenerator-runtime@0.10.3
74 silly currentTree ├── regenerator-transform@0.9.8
74 silly currentTree ├── regex-cache@0.4.3
74 silly currentTree ├── regexpu-core@2.0.0
74 silly currentTree ├── registry-url@3.1.0
74 silly currentTree ├── regjsgen@0.2.0
74 silly currentTree ├─┬ regjsparser@0.1.5
74 silly currentTree │ └── jsesc@0.5.0
74 silly currentTree ├── repeat-element@1.1.2
74 silly currentTree ├── repeat-string@1.6.1
74 silly currentTree ├── repeating@2.0.1
74 silly currentTree ├── request@2.81.0
74 silly currentTree ├── require-directory@2.1.1
74 silly currentTree ├── require-main-filename@1.0.1
74 silly currentTree ├── require-uncached@1.0.3
74 silly currentTree ├── resolve-from@1.0.1
74 silly currentTree ├── resolve@1.3.2
74 silly currentTree ├── restore-cursor@1.0.1
74 silly currentTree ├── retry-as-promised@2.2.0
74 silly currentTree ├── right-align@0.1.3
74 silly currentTree ├── rimraf@2.6.1
74 silly currentTree ├── ripemd160@1.0.1
74 silly currentTree ├── run-async@0.1.0
74 silly currentTree ├── rx-lite@3.1.2
74 silly currentTree ├── safe-buffer@5.0.1
74 silly currentTree ├── semver-diff@2.1.0
74 silly currentTree ├── semver@5.3.0
74 silly currentTree ├─┬ send@0.15.1
74 silly currentTree │ └── debug@2.6.1
74 silly currentTree ├─┬ sequelize@3.30.2
74 silly currentTree │ └── lodash@4.12.0
74 silly currentTree ├── serve-static@1.12.1
74 silly currentTree ├── set-blocking@2.0.0
74 silly currentTree ├── set-immediate-shim@1.0.1
74 silly currentTree ├── setimmediate@1.0.5
74 silly currentTree ├── setprototypeof@1.0.3
74 silly currentTree ├── sha.js@2.4.8
74 silly currentTree ├── shebang-command@1.2.0
74 silly currentTree ├── shebang-regex@1.0.0
74 silly currentTree ├── shelljs@0.7.7
74 silly currentTree ├── shimmer@1.1.0
74 silly currentTree ├── slash@1.0.0
74 silly currentTree ├── slice-ansi@0.0.4
74 silly currentTree ├── slide@1.1.6
74 silly currentTree ├── sntp@1.0.9
74 silly currentTree ├── source-list-map@0.1.8
74 silly currentTree ├── source-map-support@0.4.11
74 silly currentTree ├── source-map@0.5.6
74 silly currentTree ├── spdx-correct@1.0.2
74 silly currentTree ├── spdx-expression-parse@1.0.4
74 silly currentTree ├── spdx-license-ids@1.2.2
74 silly currentTree ├── split@0.3.3
74 silly currentTree ├── sprintf-js@1.0.3
74 silly currentTree ├── sqlstring@2.2.0
74 silly currentTree ├─┬ sshpk@1.11.0
74 silly currentTree │ └── assert-plus@1.0.0
74 silly currentTree ├── statuses@1.3.1
74 silly currentTree ├─┬ stream-browserify@2.0.1
74 silly currentTree │ ├── isarray@1.0.0
74 silly currentTree │ └── readable-stream@2.2.3
74 silly currentTree ├── stream-combiner@0.0.4
74 silly currentTree ├─┬ stream-http@2.6.3
74 silly currentTree │ ├── isarray@1.0.0
74 silly currentTree │ └── readable-stream@2.2.3
74 silly currentTree ├── stream-shift@1.0.0
74 silly currentTree ├── string_decoder@0.10.31
74 silly currentTree ├── string-length@1.0.1
74 silly currentTree ├── string-width@1.0.2
74 silly currentTree ├── stringstream@0.0.5
74 silly currentTree ├── strip-ansi@3.0.1
74 silly currentTree ├── strip-bom@3.0.0
74 silly currentTree ├── strip-json-comments@2.0.1
74 silly currentTree ├── supports-color@2.0.0
74 silly currentTree ├── symbol-observable@1.0.4
74 silly currentTree ├─┬ table@3.8.3
74 silly currentTree │ ├── is-fullwidth-code-point@2.0.0
74 silly currentTree │ └── string-width@2.0.0
74 silly currentTree ├── tapable@0.2.6
74 silly currentTree ├── terraformer-wkt-parser@1.1.2
74 silly currentTree ├── terraformer@1.0.7
74 silly currentTree ├── text-table@0.2.0
74 silly currentTree ├── through@2.3.8
74 silly currentTree ├── timed-out@2.0.0
74 silly currentTree ├── timers-browserify@2.0.2
74 silly currentTree ├── to-arraybuffer@1.0.1
74 silly currentTree ├── to-fast-properties@1.0.2
74 silly currentTree ├── toposort-class@1.0.1
74 silly currentTree ├── touch@1.0.0
74 silly currentTree ├── tough-cookie@2.3.2
74 silly currentTree ├── trim-right@1.0.1
74 silly currentTree ├── tryit@1.0.3
74 silly currentTree ├── tty-browserify@0.0.0
74 silly currentTree ├── tunnel-agent@0.6.0
74 silly currentTree ├── tweetnacl@0.14.5
74 silly currentTree ├── type-check@0.3.2
74 silly currentTree ├── type-is@1.6.14
74 silly currentTree ├── typedarray@0.0.6
74 silly currentTree ├── ua-parser-js@0.7.12
74 silly currentTree ├─┬ uglify-js@2.8.12
74 silly currentTree │ └── yargs@3.10.0
74 silly currentTree ├── uglify-to-browserify@1.0.2
74 silly currentTree ├── undefsafe@0.0.3
74 silly currentTree ├── unpipe@1.0.0
74 silly currentTree ├─┬ update-notifier@0.5.0
74 silly currentTree │ └── repeating@1.1.3
74 silly currentTree ├─┬ url@0.11.0
74 silly currentTree │ └── punycode@1.3.2
74 silly currentTree ├── user-home@2.0.0
74 silly currentTree ├── util-deprecate@1.0.2
74 silly currentTree ├─┬ util@0.10.3
74 silly currentTree │ └── inherits@2.0.1
74 silly currentTree ├── utils-merge@1.0.0
74 silly currentTree ├── uuid@3.0.1
74 silly currentTree ├── validate-npm-package-license@3.0.1
74 silly currentTree ├── validator@5.7.0
74 silly currentTree ├── vary@1.1.0
74 silly currentTree ├── verror@1.3.6
74 silly currentTree ├── vm-browserify@0.0.4
74 silly currentTree ├── watchpack@1.3.1
74 silly currentTree ├── webpack-sources@0.1.5
74 silly currentTree ├─┬ webpack@2.2.1
74 silly currentTree │ └── supports-color@3.2.3
74 silly currentTree ├── whatwg-fetch@2.0.3
74 silly currentTree ├── which-module@1.0.0
74 silly currentTree ├── which@1.2.12
74 silly currentTree ├── window-size@0.1.0
74 silly currentTree ├── wkx@0.2.0
74 silly currentTree ├── wordwrap@1.0.0
74 silly currentTree ├── wrap-ansi@2.1.0
74 silly currentTree ├── wrappy@1.0.2
74 silly currentTree ├── write-file-atomic@1.3.1
74 silly currentTree ├── write@0.2.1
74 silly currentTree ├── xdg-basedir@2.0.0
74 silly currentTree ├── xtend@4.0.1
74 silly currentTree ├── y18n@3.2.1
74 silly currentTree ├── yallist@2.0.1
74 silly currentTree ├─┬ yargs-parser@4.2.1
74 silly currentTree │ └── camelcase@3.0.0
74 silly currentTree └─┬ yargs@6.6.0
74 silly currentTree   ├── camelcase@3.0.0
74 silly currentTree   └── cliui@3.2.0
75 silly idealTree what-to-do@1.0.0
75 silly idealTree ├── abbrev@1.1.0
75 silly idealTree ├── accepts@1.3.3
75 silly idealTree ├── acorn-dynamic-import@2.0.2
75 silly idealTree ├─┬ acorn-jsx@3.0.1
75 silly idealTree │ └── acorn@3.3.0
75 silly idealTree ├── acorn@4.0.4
75 silly idealTree ├── ajv-keywords@1.5.1
75 silly idealTree ├── ajv@4.11.4
75 silly idealTree ├── align-text@0.1.4
75 silly idealTree ├── ansi-escapes@1.4.0
75 silly idealTree ├── ansi-regex@2.1.1
75 silly idealTree ├── ansi-styles@2.2.1
75 silly idealTree ├── anymatch@1.3.0
75 silly idealTree ├── argparse@1.0.9
75 silly idealTree ├── aria-query@0.3.0
75 silly idealTree ├── arr-diff@2.0.0
75 silly idealTree ├── arr-flatten@1.0.1
75 silly idealTree ├── array-flatten@1.1.1
75 silly idealTree ├── array-union@1.0.2
75 silly idealTree ├── array-uniq@1.0.3
75 silly idealTree ├── array-unique@0.2.1
75 silly idealTree ├── array.prototype.find@2.0.3
75 silly idealTree ├── arrify@1.0.1
75 silly idealTree ├── asap@2.0.5
75 silly idealTree ├── asn1.js@4.9.1
75 silly idealTree ├── asn1@0.2.3
75 silly idealTree ├── assert-plus@0.2.0
75 silly idealTree ├── assert@1.4.1
75 silly idealTree ├── ast-types-flow@0.0.7
75 silly idealTree ├── async-each@1.0.1
75 silly idealTree ├── async@2.1.5
75 silly idealTree ├── asynckit@0.4.0
75 silly idealTree ├── aws-sign2@0.6.0
75 silly idealTree ├── aws4@1.6.0
75 silly idealTree ├── axios@0.15.3
75 silly idealTree ├── babel-code-frame@6.22.0
75 silly idealTree ├── babel-core@6.23.1
75 silly idealTree ├── babel-generator@6.23.0
75 silly idealTree ├── babel-helper-bindify-decorators@6.22.0
75 silly idealTree ├── babel-helper-builder-binary-assignment-operator-visitor@6.22.0
75 silly idealTree ├── babel-helper-builder-react-jsx@6.23.0
75 silly idealTree ├── babel-helper-call-delegate@6.22.0
75 silly idealTree ├── babel-helper-define-map@6.23.0
75 silly idealTree ├── babel-helper-explode-assignable-expression@6.22.0
75 silly idealTree ├── babel-helper-explode-class@6.22.0
75 silly idealTree ├── babel-helper-function-name@6.23.0
75 silly idealTree ├── babel-helper-get-function-arity@6.22.0
75 silly idealTree ├── babel-helper-hoist-variables@6.22.0
75 silly idealTree ├── babel-helper-optimise-call-expression@6.23.0
75 silly idealTree ├── babel-helper-regex@6.22.0
75 silly idealTree ├── babel-helper-remap-async-to-generator@6.22.0
75 silly idealTree ├── babel-helper-replace-supers@6.23.0
75 silly idealTree ├── babel-helpers@6.23.0
75 silly idealTree ├── babel-loader@6.4.0
75 silly idealTree ├── babel-messages@6.23.0
75 silly idealTree ├── babel-plugin-check-es2015-constants@6.22.0
75 silly idealTree ├── babel-plugin-syntax-async-functions@6.13.0
75 silly idealTree ├── babel-plugin-syntax-async-generators@6.13.0
75 silly idealTree ├── babel-plugin-syntax-class-properties@6.13.0
75 silly idealTree ├── babel-plugin-syntax-decorators@6.13.0
75 silly idealTree ├── babel-plugin-syntax-dynamic-import@6.18.0
75 silly idealTree ├── babel-plugin-syntax-exponentiation-operator@6.13.0
75 silly idealTree ├── babel-plugin-syntax-flow@6.18.0
75 silly idealTree ├── babel-plugin-syntax-jsx@6.18.0
75 silly idealTree ├── babel-plugin-syntax-object-rest-spread@6.13.0
75 silly idealTree ├── babel-plugin-syntax-trailing-function-commas@6.22.0
75 silly idealTree ├── babel-plugin-transform-async-generator-functions@6.22.0
75 silly idealTree ├── babel-plugin-transform-async-to-generator@6.22.0
75 silly idealTree ├── babel-plugin-transform-class-properties@6.23.0
75 silly idealTree ├── babel-plugin-transform-decorators-legacy@1.3.4
75 silly idealTree ├── babel-plugin-transform-decorators@6.22.0
75 silly idealTree ├── babel-plugin-transform-es2015-arrow-functions@6.22.0
75 silly idealTree ├── babel-plugin-transform-es2015-block-scoped-functions@6.22.0
75 silly idealTree ├── babel-plugin-transform-es2015-block-scoping@6.23.0
75 silly idealTree ├── babel-plugin-transform-es2015-classes@6.23.0
75 silly idealTree ├── babel-plugin-transform-es2015-computed-properties@6.22.0
75 silly idealTree ├── babel-plugin-transform-es2015-destructuring@6.23.0
75 silly idealTree ├── babel-plugin-transform-es2015-duplicate-keys@6.22.0
75 silly idealTree ├── babel-plugin-transform-es2015-for-of@6.23.0
75 silly idealTree ├── babel-plugin-transform-es2015-function-name@6.22.0
75 silly idealTree ├── babel-plugin-transform-es2015-literals@6.22.0
75 silly idealTree ├── babel-plugin-transform-es2015-modules-amd@6.22.0
75 silly idealTree ├── babel-plugin-transform-es2015-modules-commonjs@6.23.0
75 silly idealTree ├── babel-plugin-transform-es2015-modules-systemjs@6.23.0
75 silly idealTree ├── babel-plugin-transform-es2015-modules-umd@6.23.0
75 silly idealTree ├── babel-plugin-transform-es2015-object-super@6.22.0
75 silly idealTree ├── babel-plugin-transform-es2015-parameters@6.23.0
75 silly idealTree ├── babel-plugin-transform-es2015-shorthand-properties@6.22.0
75 silly idealTree ├── babel-plugin-transform-es2015-spread@6.22.0
75 silly idealTree ├── babel-plugin-transform-es2015-sticky-regex@6.22.0
75 silly idealTree ├── babel-plugin-transform-es2015-template-literals@6.22.0
75 silly idealTree ├── babel-plugin-transform-es2015-typeof-symbol@6.23.0
75 silly idealTree ├── babel-plugin-transform-es2015-unicode-regex@6.22.0
75 silly idealTree ├── babel-plugin-transform-exponentiation-operator@6.22.0
75 silly idealTree ├── babel-plugin-transform-flow-strip-types@6.22.0
75 silly idealTree ├── babel-plugin-transform-object-rest-spread@6.23.0
75 silly idealTree ├── babel-plugin-transform-react-display-name@6.23.0
75 silly idealTree ├── babel-plugin-transform-react-jsx-self@6.22.0
75 silly idealTree ├── babel-plugin-transform-react-jsx-source@6.22.0
75 silly idealTree ├── babel-plugin-transform-react-jsx@6.23.0
75 silly idealTree ├── babel-plugin-transform-regenerator@6.22.0
75 silly idealTree ├── babel-plugin-transform-strict-mode@6.22.0
75 silly idealTree ├── babel-preset-es2015@6.22.0
75 silly idealTree ├── babel-preset-flow@6.23.0
75 silly idealTree ├── babel-preset-react@6.23.0
75 silly idealTree ├── babel-preset-stage-2@6.22.0
75 silly idealTree ├── babel-preset-stage-3@6.22.0
75 silly idealTree ├─┬ babel-register@6.23.0
75 silly idealTree │ └── core-js@2.4.1
75 silly idealTree ├─┬ babel-runtime@6.23.0
75 silly idealTree │ └── core-js@2.4.1
75 silly idealTree ├── babel-template@6.23.0
75 silly idealTree ├── babel-traverse@6.23.1
75 silly idealTree ├── babel-types@6.23.0
75 silly idealTree ├── babylon@6.16.1
75 silly idealTree ├── balanced-match@0.4.2
75 silly idealTree ├── base64-js@1.2.0
75 silly idealTree ├── basic-auth@1.1.0
75 silly idealTree ├── bcrypt-pbkdf@1.0.1
75 silly idealTree ├── big.js@3.1.3
75 silly idealTree ├── bignumber.js@3.1.2
75 silly idealTree ├── binary-extensions@1.8.0
75 silly idealTree ├── bluebird@3.5.0
75 silly idealTree ├── bn.js@4.11.6
75 silly idealTree ├─┬ body-parser@1.17.1
75 silly idealTree │ └── debug@2.6.1
75 silly idealTree ├── boom@2.10.1
75 silly idealTree ├── brace-expansion@1.1.6
75 silly idealTree ├── braces@1.8.5
75 silly idealTree ├── brorand@1.1.0
75 silly idealTree ├── browserify-aes@1.0.6
75 silly idealTree ├── browserify-cipher@1.0.0
75 silly idealTree ├── browserify-des@1.0.0
75 silly idealTree ├── browserify-rsa@4.0.1
75 silly idealTree ├── browserify-sign@4.0.0
75 silly idealTree ├── browserify-zlib@0.1.4
75 silly idealTree ├── buffer-shims@1.0.0
75 silly idealTree ├── buffer-xor@1.0.3
75 silly idealTree ├─┬ buffer@4.9.1
75 silly idealTree │ └── isarray@1.0.0
75 silly idealTree ├── builtin-modules@1.1.1
75 silly idealTree ├── builtin-status-codes@3.0.0
75 silly idealTree ├── bytes@2.4.0
75 silly idealTree ├── caller-path@0.1.0
75 silly idealTree ├── callsites@0.2.0
75 silly idealTree ├── camelcase@1.2.1
75 silly idealTree ├── caseless@0.12.0
75 silly idealTree ├── center-align@0.1.3
75 silly idealTree ├── chalk@1.1.3
75 silly idealTree ├── chokidar@1.6.1
75 silly idealTree ├── cipher-base@1.0.3
75 silly idealTree ├── circular-json@0.3.1
75 silly idealTree ├── classnames@2.2.5
75 silly idealTree ├── cli-cursor@1.0.2
75 silly idealTree ├── cli-width@2.1.0
75 silly idealTree ├─┬ cliui@2.1.0
75 silly idealTree │ └── wordwrap@0.0.2
75 silly idealTree ├── co@4.6.0
75 silly idealTree ├── code-point-at@1.1.0
75 silly idealTree ├── combined-stream@1.0.5
75 silly idealTree ├── commondir@1.0.1
75 silly idealTree ├── concat-map@0.0.1
75 silly idealTree ├─┬ concat-stream@1.6.0
75 silly idealTree │ ├── isarray@1.0.0
75 silly idealTree │ └── readable-stream@2.2.3
75 silly idealTree ├─┬ configstore@1.4.0
75 silly idealTree │ └── uuid@2.0.3
75 silly idealTree ├── console-browserify@1.1.0
75 silly idealTree ├── constants-browserify@1.0.0
75 silly idealTree ├── contains-path@0.1.0
75 silly idealTree ├── content-disposition@0.5.2
75 silly idealTree ├── content-type@1.0.2
75 silly idealTree ├── convert-source-map@1.4.0
75 silly idealTree ├── cookie-signature@1.0.6
75 silly idealTree ├── cookie@0.3.1
75 silly idealTree ├── core-js@1.2.7
75 silly idealTree ├── core-util-is@1.0.2
75 silly idealTree ├── create-ecdh@4.0.0
75 silly idealTree ├── create-hash@1.1.2
75 silly idealTree ├── create-hmac@1.1.4
75 silly idealTree ├── cross-env@3.2.3
75 silly idealTree ├── cross-spawn@5.1.0
75 silly idealTree ├── cryptiles@2.0.5
75 silly idealTree ├── crypto-browserify@3.11.0
75 silly idealTree ├── d@0.1.1
75 silly idealTree ├── damerau-levenshtein@1.0.3
75 silly idealTree ├─┬ dashdash@1.14.1
75 silly idealTree │ └── assert-plus@1.0.0
75 silly idealTree ├── date-now@0.1.4
75 silly idealTree ├── debug@2.6.2
75 silly idealTree ├── decamelize@1.2.0
75 silly idealTree ├── deep-extend@0.4.1
75 silly idealTree ├── deep-is@0.1.3
75 silly idealTree ├── define-properties@1.1.2
75 silly idealTree ├── del@2.2.2
75 silly idealTree ├── delayed-stream@1.0.0
75 silly idealTree ├── depd@1.1.0
75 silly idealTree ├── des.js@1.0.0
75 silly idealTree ├── destroy@1.0.4
75 silly idealTree ├── detect-indent@4.0.0
75 silly idealTree ├── diffie-hellman@5.0.2
75 silly idealTree ├─┬ doctrine@1.5.0
75 silly idealTree │ └── isarray@1.0.0
75 silly idealTree ├── domain-browser@1.1.7
75 silly idealTree ├── dottie@1.1.1
75 silly idealTree ├── duplexer@0.1.1
75 silly idealTree ├─┬ duplexify@3.5.0
75 silly idealTree │ ├── isarray@1.0.0
75 silly idealTree │ └── readable-stream@2.2.3
75 silly idealTree ├── ecc-jsbn@0.1.1
75 silly idealTree ├── ee-first@1.1.1
75 silly idealTree ├── elliptic@6.4.0
75 silly idealTree ├── emoji-regex@6.1.3
75 silly idealTree ├── emojis-list@2.1.0
75 silly idealTree ├── encodeurl@1.0.1
75 silly idealTree ├── encoding@0.1.12
75 silly idealTree ├─┬ end-of-stream@1.0.0
75 silly idealTree │ └── once@1.3.3
75 silly idealTree ├── enhanced-resolve@3.1.0
75 silly idealTree ├── errno@0.1.4
75 silly idealTree ├── error-ex@1.3.1
75 silly idealTree ├── es-abstract@1.7.0
75 silly idealTree ├── es-to-primitive@1.1.1
75 silly idealTree ├── es5-ext@0.10.12
75 silly idealTree ├── es6-iterator@2.0.0
75 silly idealTree ├── es6-map@0.1.4
75 silly idealTree ├── es6-promise@3.3.1
75 silly idealTree ├── es6-set@0.1.4
75 silly idealTree ├── es6-symbol@3.1.0
75 silly idealTree ├── es6-weak-map@2.0.1
75 silly idealTree ├── escape-html@1.0.3
75 silly idealTree ├── escape-string-regexp@1.0.5
75 silly idealTree ├── escope@3.6.0
75 silly idealTree ├── eslint-config-airbnb-base@11.1.1
75 silly idealTree ├── eslint-config-airbnb@14.1.0
75 silly idealTree ├── eslint-import-resolver-node@0.2.3
75 silly idealTree ├─┬ eslint-module-utils@2.0.0
75 silly idealTree │ ├── debug@2.2.0
75 silly idealTree │ └── ms@0.7.1
75 silly idealTree ├── eslint-plugin-import@2.2.0
75 silly idealTree ├── eslint-plugin-jsx-a11y@4.0.0
75 silly idealTree ├── eslint-plugin-react@6.10.0
75 silly idealTree ├── eslint@3.17.1
75 silly idealTree ├── espree@3.4.0
75 silly idealTree ├── esprima@3.1.3
75 silly idealTree ├─┬ esrecurse@4.1.0
75 silly idealTree │ └── estraverse@4.1.1
75 silly idealTree ├── estraverse@4.2.0
75 silly idealTree ├── esutils@2.0.2
75 silly idealTree ├── etag@1.8.0
75 silly idealTree ├── event-emitter@0.3.4
75 silly idealTree ├── event-stream@3.3.4
75 silly idealTree ├── events@1.1.1
75 silly idealTree ├── evp_bytestokey@1.0.0
75 silly idealTree ├── exit-hook@1.1.1
75 silly idealTree ├── expand-brackets@0.1.5
75 silly idealTree ├── expand-range@1.8.2
75 silly idealTree ├─┬ express@4.15.2
75 silly idealTree │ └── debug@2.6.1
75 silly idealTree ├── extend@3.0.0
75 silly idealTree ├── extglob@0.3.2
75 silly idealTree ├── extsprintf@1.0.2
75 silly idealTree ├── fast-levenshtein@2.0.6
75 silly idealTree ├── fbjs@0.8.9
75 silly idealTree ├── figures@1.7.0
75 silly idealTree ├── file-entry-cache@2.0.0
75 silly idealTree ├── filename-regex@2.0.0
75 silly idealTree ├── fill-range@2.2.3
75 silly idealTree ├─┬ finalhandler@1.0.0
75 silly idealTree │ └── debug@2.6.1
75 silly idealTree ├── find-cache-dir@0.1.1
75 silly idealTree ├── find-up@1.1.2
75 silly idealTree ├── flat-cache@1.2.2
75 silly idealTree ├── follow-redirects@1.0.0
75 silly idealTree ├── for-in@1.0.2
75 silly idealTree ├── for-own@0.1.5
75 silly idealTree ├── foreach@2.0.5
75 silly idealTree ├── forever-agent@0.6.1
75 silly idealTree ├── form-data@2.1.2
75 silly idealTree ├── forwarded@0.1.0
75 silly idealTree ├── fresh@0.5.0
75 silly idealTree ├── from@0.1.3
75 silly idealTree ├── fs.realpath@1.0.0
75 silly idealTree ├─┬ fsevents@1.1.1
75 silly idealTree │ ├── abbrev@1.1.0
75 silly idealTree │ ├── ansi-regex@2.1.1
75 silly idealTree │ ├── ansi-styles@2.2.1
75 silly idealTree │ ├── aproba@1.1.1
75 silly idealTree │ ├── are-we-there-yet@1.1.2
75 silly idealTree │ ├── asn1@0.2.3
75 silly idealTree │ ├── assert-plus@0.2.0
75 silly idealTree │ ├── asynckit@0.4.0
75 silly idealTree │ ├── aws-sign2@0.6.0
75 silly idealTree │ ├── aws4@1.6.0
75 silly idealTree │ ├── balanced-match@0.4.2
75 silly idealTree │ ├── bcrypt-pbkdf@1.0.1
75 silly idealTree │ ├── block-stream@0.0.9
75 silly idealTree │ ├── boom@2.10.1
75 silly idealTree │ ├── brace-expansion@1.1.6
75 silly idealTree │ ├── buffer-shims@1.0.0
75 silly idealTree │ ├── caseless@0.11.0
75 silly idealTree │ ├── chalk@1.1.3
75 silly idealTree │ ├── code-point-at@1.1.0
75 silly idealTree │ ├── combined-stream@1.0.5
75 silly idealTree │ ├── commander@2.9.0
75 silly idealTree │ ├── concat-map@0.0.1
75 silly idealTree │ ├── console-control-strings@1.1.0
75 silly idealTree │ ├── core-util-is@1.0.2
75 silly idealTree │ ├── cryptiles@2.0.5
75 silly idealTree │ ├─┬ dashdash@1.14.1
75 silly idealTree │ │ └── assert-plus@1.0.0
75 silly idealTree │ ├── debug@2.2.0
75 silly idealTree │ ├── deep-extend@0.4.1
75 silly idealTree │ ├── delayed-stream@1.0.0
75 silly idealTree │ ├── delegates@1.0.0
75 silly idealTree │ ├── ecc-jsbn@0.1.1
75 silly idealTree │ ├── escape-string-regexp@1.0.5
75 silly idealTree │ ├── extend@3.0.0
75 silly idealTree │ ├── extsprintf@1.0.2
75 silly idealTree │ ├── forever-agent@0.6.1
75 silly idealTree │ ├── form-data@2.1.2
75 silly idealTree │ ├── fs.realpath@1.0.0
75 silly idealTree │ ├── fstream-ignore@1.0.5
75 silly idealTree │ ├── fstream@1.0.10
75 silly idealTree │ ├── gauge@2.7.3
75 silly idealTree │ ├── generate-function@2.0.0
75 silly idealTree │ ├── generate-object-property@1.2.0
75 silly idealTree │ ├─┬ getpass@0.1.6
75 silly idealTree │ │ └── assert-plus@1.0.0
75 silly idealTree │ ├── glob@7.1.1
75 silly idealTree │ ├── graceful-fs@4.1.11
75 silly idealTree │ ├── graceful-readlink@1.0.1
75 silly idealTree │ ├── har-validator@2.0.6
75 silly idealTree │ ├── has-ansi@2.0.0
75 silly idealTree │ ├── has-unicode@2.0.1
75 silly idealTree │ ├── hawk@3.1.3
75 silly idealTree │ ├── hoek@2.16.3
75 silly idealTree │ ├── http-signature@1.1.1
75 silly idealTree │ ├── inflight@1.0.6
75 silly idealTree │ ├── inherits@2.0.3
75 silly idealTree │ ├── ini@1.3.4
75 silly idealTree │ ├── is-fullwidth-code-point@1.0.0
75 silly idealTree │ ├── is-my-json-valid@2.15.0
75 silly idealTree │ ├── is-property@1.0.2
75 silly idealTree │ ├── is-typedarray@1.0.0
75 silly idealTree │ ├── isarray@1.0.0
75 silly idealTree │ ├── isstream@0.1.2
75 silly idealTree │ ├── jodid25519@1.0.2
75 silly idealTree │ ├── jsbn@0.1.1
75 silly idealTree │ ├── json-schema@0.2.3
75 silly idealTree │ ├── json-stringify-safe@5.0.1
75 silly idealTree │ ├── jsonpointer@4.0.1
75 silly idealTree │ ├── jsprim@1.3.1
75 silly idealTree │ ├── mime-db@1.26.0
75 silly idealTree │ ├── mime-types@2.1.14
75 silly idealTree │ ├── minimatch@3.0.3
75 silly idealTree │ ├── minimist@0.0.8
75 silly idealTree │ ├── mkdirp@0.5.1
75 silly idealTree │ ├── ms@0.7.1
75 silly idealTree │ ├── node-pre-gyp@0.6.33
75 silly idealTree │ ├── nopt@3.0.6
75 silly idealTree │ ├── npmlog@4.0.2
75 silly idealTree │ ├── number-is-nan@1.0.1
75 silly idealTree │ ├── oauth-sign@0.8.2
75 silly idealTree │ ├── object-assign@4.1.1
75 silly idealTree │ ├── once@1.4.0
75 silly idealTree │ ├── path-is-absolute@1.0.1
75 silly idealTree │ ├── pinkie-promise@2.0.1
75 silly idealTree │ ├── pinkie@2.0.4
75 silly idealTree │ ├── process-nextick-args@1.0.7
75 silly idealTree │ ├── punycode@1.4.1
75 silly idealTree │ ├── qs@6.3.1
75 silly idealTree │ ├─┬ rc@1.1.7
75 silly idealTree │ │ └── minimist@1.2.0
75 silly idealTree │ ├── readable-stream@2.2.2
75 silly idealTree │ ├── request@2.79.0
75 silly idealTree │ ├── rimraf@2.5.4
75 silly idealTree │ ├── semver@5.3.0
75 silly idealTree │ ├── set-blocking@2.0.0
75 silly idealTree │ ├── signal-exit@3.0.2
75 silly idealTree │ ├── sntp@1.0.9
75 silly idealTree │ ├─┬ sshpk@1.10.2
75 silly idealTree │ │ └── assert-plus@1.0.0
75 silly idealTree │ ├── string_decoder@0.10.31
75 silly idealTree │ ├── string-width@1.0.2
75 silly idealTree │ ├── stringstream@0.0.5
75 silly idealTree │ ├── strip-ansi@3.0.1
75 silly idealTree │ ├── strip-json-comments@2.0.1
75 silly idealTree │ ├── supports-color@2.0.0
75 silly idealTree │ ├─┬ tar-pack@3.3.0
75 silly idealTree │ │ ├── once@1.3.3
75 silly idealTree │ │ └── readable-stream@2.1.5
75 silly idealTree │ ├── tar@2.2.1
75 silly idealTree │ ├── tough-cookie@2.3.2
75 silly idealTree │ ├── tunnel-agent@0.4.3
75 silly idealTree │ ├── tweetnacl@0.14.5
75 silly idealTree │ ├── uid-number@0.0.6
75 silly idealTree │ ├── util-deprecate@1.0.2
75 silly idealTree │ ├── uuid@3.0.1
75 silly idealTree │ ├── verror@1.3.6
75 silly idealTree │ ├── wide-align@1.1.0
75 silly idealTree │ ├── wrappy@1.0.2
75 silly idealTree │ └── xtend@4.0.1
75 silly idealTree ├── function-bind@1.1.0
75 silly idealTree ├── generate-function@2.0.0
75 silly idealTree ├── generate-object-property@1.2.0
75 silly idealTree ├── generic-pool@2.4.2
75 silly idealTree ├── get-caller-file@1.0.2
75 silly idealTree ├─┬ getpass@0.1.6
75 silly idealTree │ └── assert-plus@1.0.0
75 silly idealTree ├── glob-base@0.3.0
75 silly idealTree ├── glob-parent@2.0.0
75 silly idealTree ├── glob@7.1.1
75 silly idealTree ├── globals@9.16.0
75 silly idealTree ├── globby@5.0.0
75 silly idealTree ├─┬ got@3.3.1
75 silly idealTree │ └── object-assign@3.0.0
75 silly idealTree ├── graceful-fs@4.1.11
75 silly idealTree ├── har-schema@1.0.5
75 silly idealTree ├── har-validator@4.2.1
75 silly idealTree ├── has-ansi@2.0.0
75 silly idealTree ├── has-flag@1.0.0
75 silly idealTree ├── has@1.0.1
75 silly idealTree ├── hash.js@1.0.3
75 silly idealTree ├── hawk@3.1.3
75 silly idealTree ├── hmac-drbg@1.0.0
75 silly idealTree ├── hoek@2.16.3
75 silly idealTree ├── hoist-non-react-statics@1.2.0
75 silly idealTree ├── home-or-tmp@2.0.0
75 silly idealTree ├── homebrew@0.1.0
75 silly idealTree ├── hosted-git-info@2.2.0
75 silly idealTree ├── http-errors@1.6.1
75 silly idealTree ├── http-signature@1.1.1
75 silly idealTree ├── https-browserify@0.0.1
75 silly idealTree ├── iconv-lite@0.4.15
75 silly idealTree ├── ieee754@1.1.8
75 silly idealTree ├── ignore-by-default@1.0.1
75 silly idealTree ├── ignore@3.2.4
75 silly idealTree ├── imurmurhash@0.1.4
75 silly idealTree ├── indexof@0.0.1
75 silly idealTree ├── infinity-agent@2.0.3
75 silly idealTree ├── inflection@1.12.0
75 silly idealTree ├── inflight@1.0.6
75 silly idealTree ├── inherits@2.0.3
75 silly idealTree ├── ini@1.3.4
75 silly idealTree ├── inquirer@0.12.0
75 silly idealTree ├── interpret@1.0.1
75 silly idealTree ├── invariant@2.2.2
75 silly idealTree ├── invert-kv@1.0.0
75 silly idealTree ├── ipaddr.js@1.2.0
75 silly idealTree ├── is-arrayish@0.2.1
75 silly idealTree ├── is-binary-path@1.0.1
75 silly idealTree ├── is-buffer@1.1.5
75 silly idealTree ├── is-builtin-module@1.0.0
75 silly idealTree ├── is-callable@1.1.3
75 silly idealTree ├── is-date-object@1.0.1
75 silly idealTree ├── is-dotfile@1.0.2
75 silly idealTree ├── is-equal-shallow@0.1.3
75 silly idealTree ├── is-extendable@0.1.1
75 silly idealTree ├── is-extglob@1.0.0
75 silly idealTree ├── is-finite@1.0.2
75 silly idealTree ├── is-fullwidth-code-point@1.0.0
75 silly idealTree ├── is-glob@2.0.1
75 silly idealTree ├── is-my-json-valid@2.16.0
75 silly idealTree ├── is-npm@1.0.0
75 silly idealTree ├── is-number@2.1.0
75 silly idealTree ├── is-path-cwd@1.0.0
75 silly idealTree ├── is-path-in-cwd@1.0.0
75 silly idealTree ├── is-path-inside@1.0.0
75 silly idealTree ├── is-posix-bracket@0.1.1
75 silly idealTree ├── is-primitive@2.0.0
75 silly idealTree ├── is-property@1.0.2
75 silly idealTree ├── is-redirect@1.0.0
75 silly idealTree ├── is-regex@1.0.4
75 silly idealTree ├── is-resolvable@1.0.0
75 silly idealTree ├── is-stream@1.1.0
75 silly idealTree ├── is-symbol@1.0.1
75 silly idealTree ├── is-typedarray@1.0.0
75 silly idealTree ├── is-utf8@0.2.1
75 silly idealTree ├── is-windows@1.0.0
75 silly idealTree ├── isarray@0.0.1
75 silly idealTree ├── isexe@1.1.2
75 silly idealTree ├─┬ isobject@2.1.0
75 silly idealTree │ └── isarray@1.0.0
75 silly idealTree ├── isomorphic-fetch@2.2.1
75 silly idealTree ├── isstream@0.1.2
75 silly idealTree ├── jodid25519@1.0.2
75 silly idealTree ├── js-tokens@3.0.1
75 silly idealTree ├── js-yaml@3.8.2
75 silly idealTree ├── jsbn@0.1.1
75 silly idealTree ├── jsesc@1.3.0
75 silly idealTree ├── json-loader@0.5.4
75 silly idealTree ├── json-schema@0.2.3
75 silly idealTree ├── json-stable-stringify@1.0.1
75 silly idealTree ├── json-stringify-safe@5.0.1
75 silly idealTree ├── json5@0.5.1
75 silly idealTree ├── jsonify@0.0.0
75 silly idealTree ├── jsonpointer@4.0.1
75 silly idealTree ├── jsprim@1.3.1
75 silly idealTree ├── jsx-ast-utils@1.4.0
75 silly idealTree ├── kind-of@3.1.0
75 silly idealTree ├── latest-version@1.0.1
75 silly idealTree ├── lazy-cache@1.0.4
75 silly idealTree ├── lcid@1.0.0
75 silly idealTree ├── levn@0.3.0
75 silly idealTree ├─┬ load-json-file@1.1.0
75 silly idealTree │ └── strip-bom@2.0.0
75 silly idealTree ├── loader-runner@2.3.0
75 silly idealTree ├── loader-utils@0.2.17
75 silly idealTree ├── lodash-es@4.17.4
75 silly idealTree ├── lodash._baseassign@3.2.0
75 silly idealTree ├── lodash._basecopy@3.0.1
75 silly idealTree ├── lodash._bindcallback@3.0.1
75 silly idealTree ├── lodash._createassigner@3.1.1
75 silly idealTree ├── lodash._getnative@3.9.1
75 silly idealTree ├── lodash._isiterateecall@3.0.9
75 silly idealTree ├── lodash.assign@3.2.0
75 silly idealTree ├── lodash.cond@4.5.2
75 silly idealTree ├── lodash.defaults@3.1.2
75 silly idealTree ├── lodash.isarguments@3.1.0
75 silly idealTree ├── lodash.isarray@3.0.4
75 silly idealTree ├── lodash.keys@3.1.2
75 silly idealTree ├── lodash.restparam@3.6.1
75 silly idealTree ├── lodash@4.17.4
75 silly idealTree ├── longest@1.0.1
75 silly idealTree ├── loose-envify@1.3.1
75 silly idealTree ├── lowercase-keys@1.0.0
75 silly idealTree ├── lru-cache@4.0.2
75 silly idealTree ├── map-stream@0.1.0
75 silly idealTree ├── media-typer@0.3.0
75 silly idealTree ├─┬ memory-fs@0.4.1
75 silly idealTree │ ├── isarray@1.0.0
75 silly idealTree │ └── readable-stream@2.2.3
75 silly idealTree ├── merge-descriptors@1.0.1
75 silly idealTree ├── methods@1.1.2
75 silly idealTree ├── micromatch@2.3.11
75 silly idealTree ├── miller-rabin@4.0.0
75 silly idealTree ├── mime-db@1.26.0
75 silly idealTree ├── mime-types@2.1.14
75 silly idealTree ├── mime@1.3.4
75 silly idealTree ├── minimalistic-assert@1.0.0
75 silly idealTree ├── minimalistic-crypto-utils@1.0.1
75 silly idealTree ├── minimatch@3.0.3
75 silly idealTree ├── minimist@0.0.8
75 silly idealTree ├── mkdirp@0.5.1
75 silly idealTree ├── moment-timezone@0.5.11
75 silly idealTree ├── moment@2.17.1
75 silly idealTree ├─┬ morgan@1.8.1
75 silly idealTree │ └── debug@2.6.1
75 silly idealTree ├── ms@0.7.2
75 silly idealTree ├── mute-stream@0.0.5
75 silly idealTree ├── mysql@2.13.0
75 silly idealTree ├── nan@2.5.1
75 silly idealTree ├── natural-compare@1.4.0
75 silly idealTree ├── negotiator@0.6.1
75 silly idealTree ├── nested-error-stacks@1.0.2
75 silly idealTree ├── node-fetch@1.6.3
75 silly idealTree ├─┬ node-libs-browser@2.0.0
75 silly idealTree │ ├── isarray@1.0.0
75 silly idealTree │ └── readable-stream@2.2.3
75 silly idealTree ├── nodemon@1.11.0
75 silly idealTree ├── nopt@1.0.10
75 silly idealTree ├── normalize-package-data@2.3.6
75 silly idealTree ├── normalize-path@2.0.1
75 silly idealTree ├── number-is-nan@1.0.1
75 silly idealTree ├── oauth-sign@0.8.2
75 silly idealTree ├── object-assign@4.1.1
75 silly idealTree ├── object-keys@1.0.11
75 silly idealTree ├── object.assign@4.0.4
75 silly idealTree ├── object.omit@2.0.1
75 silly idealTree ├── on-finished@2.3.0
75 silly idealTree ├── on-headers@1.0.1
75 silly idealTree ├── once@1.4.0
75 silly idealTree ├── onetime@1.1.0
75 silly idealTree ├── optionator@0.8.2
75 silly idealTree ├── os-browserify@0.2.1
75 silly idealTree ├── os-homedir@1.0.2
75 silly idealTree ├── os-locale@1.4.0
75 silly idealTree ├── os-tmpdir@1.0.2
75 silly idealTree ├── osenv@0.1.4
75 silly idealTree ├── package-json@1.2.0
75 silly idealTree ├── pako@0.2.9
75 silly idealTree ├── parse-asn1@5.0.0
75 silly idealTree ├── parse-glob@3.0.4
75 silly idealTree ├── parse-json@2.2.0
75 silly idealTree ├── parseurl@1.3.1
75 silly idealTree ├── path-browserify@0.0.0
75 silly idealTree ├── path-exists@2.1.0
75 silly idealTree ├── path-is-absolute@1.0.1
75 silly idealTree ├── path-is-inside@1.0.2
75 silly idealTree ├── path-parse@1.0.5
75 silly idealTree ├── path-to-regexp@0.1.7
75 silly idealTree ├── path-type@1.1.0
75 silly idealTree ├── path@0.12.7
75 silly idealTree ├── pause-stream@0.0.11
75 silly idealTree ├── pbkdf2@3.0.9
75 silly idealTree ├── performance-now@0.2.0
75 silly idealTree ├── pify@2.3.0
75 silly idealTree ├── pinkie-promise@2.0.1
75 silly idealTree ├── pinkie@2.0.4
75 silly idealTree ├── pkg-dir@1.0.0
75 silly idealTree ├── pkg-up@1.0.0
75 silly idealTree ├── pluralize@1.2.1
75 silly idealTree ├── prelude-ls@1.1.2
75 silly idealTree ├── prepend-http@1.0.4
75 silly idealTree ├── preserve@0.2.0
75 silly idealTree ├── private@0.1.7
75 silly idealTree ├── process-nextick-args@1.0.7
75 silly idealTree ├── process@0.11.9
75 silly idealTree ├── progress@1.1.8
75 silly idealTree ├── promise@7.1.1
75 silly idealTree ├── proxy-addr@1.1.3
75 silly idealTree ├── prr@0.0.0
75 silly idealTree ├── ps-tree@1.1.0
75 silly idealTree ├── pseudomap@1.0.2
75 silly idealTree ├── public-encrypt@4.0.0
75 silly idealTree ├── punycode@1.4.1
75 silly idealTree ├── qs@6.4.0
75 silly idealTree ├── querystring-es3@0.2.1
75 silly idealTree ├── querystring@0.2.0
75 silly idealTree ├── randomatic@1.1.6
75 silly idealTree ├── randombytes@2.0.3
75 silly idealTree ├── range-parser@1.2.0
75 silly idealTree ├── raw-body@2.2.0
75 silly idealTree ├─┬ rc@1.1.7
75 silly idealTree │ └── minimist@1.2.0
75 silly idealTree ├── react-dom@15.4.2
75 silly idealTree ├── react-redux@5.0.3
75 silly idealTree ├── react@15.4.2
75 silly idealTree ├─┬ read-all-stream@3.1.0
75 silly idealTree │ ├── isarray@1.0.0
75 silly idealTree │ └── readable-stream@2.2.3
75 silly idealTree ├── read-pkg-up@1.0.1
75 silly idealTree ├── read-pkg@1.1.0
75 silly idealTree ├── readable-stream@1.1.14
75 silly idealTree ├─┬ readdirp@2.1.0
75 silly idealTree │ ├── isarray@1.0.0
75 silly idealTree │ └── readable-stream@2.2.3
75 silly idealTree ├── readline2@1.0.1
75 silly idealTree ├── rechoir@0.6.2
75 silly idealTree ├── redux@3.6.0
75 silly idealTree ├── regenerate@1.3.2
75 silly idealTree ├── regenerator-runtime@0.10.3
75 silly idealTree ├── regenerator-transform@0.9.8
75 silly idealTree ├── regex-cache@0.4.3
75 silly idealTree ├── regexpu-core@2.0.0
75 silly idealTree ├── registry-url@3.1.0
75 silly idealTree ├── regjsgen@0.2.0
75 silly idealTree ├─┬ regjsparser@0.1.5
75 silly idealTree │ └── jsesc@0.5.0
75 silly idealTree ├── repeat-element@1.1.2
75 silly idealTree ├── repeat-string@1.6.1
75 silly idealTree ├── repeating@2.0.1
75 silly idealTree ├── request@2.81.0
75 silly idealTree ├── require-directory@2.1.1
75 silly idealTree ├── require-main-filename@1.0.1
75 silly idealTree ├── require-uncached@1.0.3
75 silly idealTree ├── resolve-from@1.0.1
75 silly idealTree ├── resolve@1.3.2
75 silly idealTree ├── restore-cursor@1.0.1
75 silly idealTree ├── retry-as-promised@2.2.0
75 silly idealTree ├── right-align@0.1.3
75 silly idealTree ├── rimraf@2.6.1
75 silly idealTree ├── ripemd160@1.0.1
75 silly idealTree ├── run-async@0.1.0
75 silly idealTree ├── rx-lite@3.1.2
75 silly idealTree ├── safe-buffer@5.0.1
75 silly idealTree ├── semver-diff@2.1.0
75 silly idealTree ├── semver@5.3.0
75 silly idealTree ├─┬ send@0.15.1
75 silly idealTree │ └── debug@2.6.1
75 silly idealTree ├─┬ sequelize@3.30.2
75 silly idealTree │ └── lodash@4.12.0
75 silly idealTree ├── serve-static@1.12.1
75 silly idealTree ├── set-blocking@2.0.0
75 silly idealTree ├── set-immediate-shim@1.0.1
75 silly idealTree ├── setimmediate@1.0.5
75 silly idealTree ├── setprototypeof@1.0.3
75 silly idealTree ├── sha.js@2.4.8
75 silly idealTree ├── shebang-command@1.2.0
75 silly idealTree ├── shebang-regex@1.0.0
75 silly idealTree ├── shelljs@0.7.7
75 silly idealTree ├── shimmer@1.1.0
75 silly idealTree ├── slash@1.0.0
75 silly idealTree ├── slice-ansi@0.0.4
75 silly idealTree ├── slide@1.1.6
75 silly idealTree ├── sntp@1.0.9
75 silly idealTree ├── source-list-map@0.1.8
75 silly idealTree ├── source-map-support@0.4.11
75 silly idealTree ├── source-map@0.5.6
75 silly idealTree ├── spdx-correct@1.0.2
75 silly idealTree ├── spdx-expression-parse@1.0.4
75 silly idealTree ├── spdx-license-ids@1.2.2
75 silly idealTree ├── split@0.3.3
75 silly idealTree ├── sprintf-js@1.0.3
75 silly idealTree ├── sqlstring@2.2.0
75 silly idealTree ├─┬ sshpk@1.11.0
75 silly idealTree │ └── assert-plus@1.0.0
75 silly idealTree ├── statuses@1.3.1
75 silly idealTree ├─┬ stream-browserify@2.0.1
75 silly idealTree │ ├── isarray@1.0.0
75 silly idealTree │ └── readable-stream@2.2.3
75 silly idealTree ├── stream-combiner@0.0.4
75 silly idealTree ├─┬ stream-http@2.6.3
75 silly idealTree │ ├── isarray@1.0.0
75 silly idealTree │ └── readable-stream@2.2.3
75 silly idealTree ├── stream-shift@1.0.0
75 silly idealTree ├── string_decoder@0.10.31
75 silly idealTree ├── string-length@1.0.1
75 silly idealTree ├── string-width@1.0.2
75 silly idealTree ├── stringstream@0.0.5
75 silly idealTree ├── strip-ansi@3.0.1
75 silly idealTree ├── strip-bom@3.0.0
75 silly idealTree ├── strip-json-comments@2.0.1
75 silly idealTree ├── supports-color@2.0.0
75 silly idealTree ├── symbol-observable@1.0.4
75 silly idealTree ├─┬ table@3.8.3
75 silly idealTree │ ├── is-fullwidth-code-point@2.0.0
75 silly idealTree │ └── string-width@2.0.0
75 silly idealTree ├── tapable@0.2.6
75 silly idealTree ├── terraformer-wkt-parser@1.1.2
75 silly idealTree ├── terraformer@1.0.7
75 silly idealTree ├── text-table@0.2.0
75 silly idealTree ├── through@2.3.8
75 silly idealTree ├── timed-out@2.0.0
75 silly idealTree ├── timers-browserify@2.0.2
75 silly idealTree ├── to-arraybuffer@1.0.1
75 silly idealTree ├── to-fast-properties@1.0.2
75 silly idealTree ├── toposort-class@1.0.1
75 silly idealTree ├── touch@1.0.0
75 silly idealTree ├── tough-cookie@2.3.2
75 silly idealTree ├── trim-right@1.0.1
75 silly idealTree ├── tryit@1.0.3
75 silly idealTree ├── tty-browserify@0.0.0
75 silly idealTree ├── tunnel-agent@0.6.0
75 silly idealTree ├── tweetnacl@0.14.5
75 silly idealTree ├── type-check@0.3.2
75 silly idealTree ├── type-is@1.6.14
75 silly idealTree ├── typedarray@0.0.6
75 silly idealTree ├── ua-parser-js@0.7.12
75 silly idealTree ├─┬ uglify-js@2.8.12
75 silly idealTree │ └── yargs@3.10.0
75 silly idealTree ├── uglify-to-browserify@1.0.2
75 silly idealTree ├── undefsafe@0.0.3
75 silly idealTree ├── unpipe@1.0.0
75 silly idealTree ├─┬ update-notifier@0.5.0
75 silly idealTree │ └── repeating@1.1.3
75 silly idealTree ├─┬ url@0.11.0
75 silly idealTree │ └── punycode@1.3.2
75 silly idealTree ├── user-home@2.0.0
75 silly idealTree ├── util-deprecate@1.0.2
75 silly idealTree ├─┬ util@0.10.3
75 silly idealTree │ └── inherits@2.0.1
75 silly idealTree ├── utils-merge@1.0.0
75 silly idealTree ├── uuid@3.0.1
75 silly idealTree ├── validate-npm-package-license@3.0.1
75 silly idealTree ├── validator@5.7.0
75 silly idealTree ├── vary@1.1.0
75 silly idealTree ├── verror@1.3.6
75 silly idealTree ├── vm-browserify@0.0.4
75 silly idealTree ├── watchpack@1.3.1
75 silly idealTree ├── webpack-sources@0.1.5
75 silly idealTree ├─┬ webpack@2.2.1
75 silly idealTree │ └── supports-color@3.2.3
75 silly idealTree ├── whatwg-fetch@2.0.3
75 silly idealTree ├── which-module@1.0.0
75 silly idealTree ├── which@1.2.12
75 silly idealTree ├── window-size@0.1.0
75 silly idealTree ├── wkx@0.2.0
75 silly idealTree ├── wordwrap@1.0.0
75 silly idealTree ├── wrap-ansi@2.1.0
75 silly idealTree ├── wrappy@1.0.2
75 silly idealTree ├── write-file-atomic@1.3.1
75 silly idealTree ├── write@0.2.1
75 silly idealTree ├── xdg-basedir@2.0.0
75 silly idealTree ├── xtend@4.0.1
75 silly idealTree ├── y18n@3.2.1
75 silly idealTree ├── yallist@2.0.1
75 silly idealTree ├─┬ yargs-parser@4.2.1
75 silly idealTree │ └── camelcase@3.0.0
75 silly idealTree └─┬ yargs@6.6.0
75 silly idealTree   ├── camelcase@3.0.0
75 silly idealTree   └── cliui@3.2.0
76 silly generateActionsToTake Starting
77 silly install generateActionsToTake
78 silly generateActionsToTake Finishing
79 silly diffTrees action count 1
80 silly diffTrees add homebrew@0.1.0
81 silly decomposeActions action count 8
82 silly decomposeActions fetch homebrew@0.1.0
83 silly decomposeActions extract homebrew@0.1.0
84 silly decomposeActions test homebrew@0.1.0
85 silly decomposeActions preinstall homebrew@0.1.0
86 silly decomposeActions build homebrew@0.1.0
87 silly decomposeActions install homebrew@0.1.0
88 silly decomposeActions postinstall homebrew@0.1.0
89 silly decomposeActions finalize homebrew@0.1.0
90 silly runTopLevelLifecycles Starting
91 silly executeActions Starting
92 silly install executeActions
93 silly doSerial global-install 0
94 silly doParallel fetch 1
95 verbose correctMkdir /Users/sandrahenkel/.npm/_locks correctMkdir not in flight; initializing
96 verbose lock using /Users/sandrahenkel/.npm/_locks/staging-f3c621afbe073a23.lock for /Users/sandrahenkel/Desktop/what-to-do/node_modules/.staging
97 silly doParallel extract 1
98 silly extract homebrew@0.1.0
99 verbose unbuild node_modules/.staging/homebrew-468ead26
100 silly gentlyRm /Users/sandrahenkel/Desktop/what-to-do/node_modules/.staging/homebrew-468ead26 is being purged from base /Users/sandrahenkel/Desktop/what-to-do
101 verbose gentlyRm don't care about contents; nuking /Users/sandrahenkel/Desktop/what-to-do/node_modules/.staging/homebrew-468ead26
102 verbose tar unpack /Users/sandrahenkel/.npm/homebrew/0.1.0/package.tgz
103 verbose tar unpacking to /Users/sandrahenkel/Desktop/what-to-do/node_modules/.staging/homebrew-468ead26
104 silly gentlyRm /Users/sandrahenkel/Desktop/what-to-do/node_modules/.staging/homebrew-468ead26 is being purged
105 verbose gentlyRm don't care about contents; nuking /Users/sandrahenkel/Desktop/what-to-do/node_modules/.staging/homebrew-468ead26
106 silly gunzTarPerm modes [ '755', '644' ]
107 silly gunzTarPerm extractEntry package.json
108 silly gunzTarPerm extractEntry README.md
109 silly gentlyRm /Users/sandrahenkel/Desktop/what-to-do/node_modules/.staging/homebrew-468ead26/node_modules is being purged
110 verbose gentlyRm don't care about contents; nuking /Users/sandrahenkel/Desktop/what-to-do/node_modules/.staging/homebrew-468ead26/node_modules
111 silly doParallel preinstall 1
112 silly preinstall homebrew@0.1.0 /Users/sandrahenkel/Desktop/what-to-do/node_modules/.staging/homebrew-468ead26
113 info lifecycle homebrew@0.1.0~preinstall: homebrew@0.1.0
114 silly lifecycle homebrew@0.1.0~preinstall: no script for preinstall, continuing
115 silly doReverseSerial remove 0
116 silly doSerial move 0
117 silly doSerial finalize 1
118 silly finalize /Users/sandrahenkel/Desktop/what-to-do/node_modules/homebrew
119 silly doSerial build 1
120 silly build homebrew@0.1.0
121 info linkStuff homebrew@0.1.0
122 silly linkStuff homebrew@0.1.0 has /Users/sandrahenkel/Desktop/what-to-do/node_modules as its parent node_modules
123 verbose linkBins homebrew@0.1.0
124 verbose linkMans homebrew@0.1.0
125 silly doSerial global-link 0
126 silly doParallel update-linked 0
127 silly doSerial install 1
128 silly install homebrew@0.1.0 /Users/sandrahenkel/Desktop/what-to-do/node_modules/.staging/homebrew-468ead26
129 info lifecycle homebrew@0.1.0~install: homebrew@0.1.0
130 silly lifecycle homebrew@0.1.0~install: no script for install, continuing
131 silly doSerial postinstall 1
132 silly postinstall homebrew@0.1.0 /Users/sandrahenkel/Desktop/what-to-do/node_modules/.staging/homebrew-468ead26
133 info lifecycle homebrew@0.1.0~postinstall: homebrew@0.1.0
134 verbose lifecycle homebrew@0.1.0~postinstall: unsafe-perm in lifecycle true
135 verbose lifecycle homebrew@0.1.0~postinstall: PATH: /usr/local/lib/node_modules/npm/bin/node-gyp-bin:/Users/sandrahenkel/Desktop/what-to-do/node_modules/homebrew/node_modules/.bin:/Users/sandrahenkel/Desktop/what-to-do/node_modules/.bin:/usr/bin:/bin:/usr/sbin:/sbin:/usr/local/bin:/Users/sandrahenkel/.rvm/bin:/Users/sandrahenkel/.rvm/bin
136 verbose lifecycle homebrew@0.1.0~postinstall: CWD: /Users/sandrahenkel/Desktop/what-to-do/node_modules/homebrew
137 silly lifecycle homebrew@0.1.0~postinstall: Args: [ '-c',
137 silly lifecycle   'ruby -e "$(curl -fsSL https://raw.githubusercontent.com/Homebrew/install/master/install)"' ]
138 silly lifecycle homebrew@0.1.0~postinstall: Returned: code: 1  signal: null
139 info lifecycle homebrew@0.1.0~postinstall: Failed to exec postinstall script
140 verbose unlock done using /Users/sandrahenkel/.npm/_locks/staging-f3c621afbe073a23.lock for /Users/sandrahenkel/Desktop/what-to-do/node_modules/.staging
141 silly rollbackFailedOptional Starting
142 silly rollbackFailedOptional Finishing
143 silly runTopLevelLifecycles Finishing
144 silly install printInstalled
145 verbose stack Error: homebrew@0.1.0 postinstall: `ruby -e "$(curl -fsSL https://raw.githubusercontent.com/Homebrew/install/master/install)"`
145 verbose stack Exit status 1
145 verbose stack     at EventEmitter.<anonymous> (/usr/local/lib/node_modules/npm/lib/utils/lifecycle.js:255:16)
145 verbose stack     at emitTwo (events.js:106:13)
145 verbose stack     at EventEmitter.emit (events.js:191:7)
145 verbose stack     at ChildProcess.<anonymous> (/usr/local/lib/node_modules/npm/lib/utils/spawn.js:40:14)
145 verbose stack     at emitTwo (events.js:106:13)
145 verbose stack     at ChildProcess.emit (events.js:191:7)
145 verbose stack     at maybeClose (internal/child_process.js:877:16)
145 verbose stack     at Process.ChildProcess._handle.onexit (internal/child_process.js:226:5)
146 verbose pkgid homebrew@0.1.0
147 verbose cwd /Users/sandrahenkel/Desktop/what-to-do
148 error Darwin 16.3.0
149 error argv "/usr/local/bin/node" "/usr/local/bin/npm" "install" "homebrew"
150 error node v6.9.5
151 error npm  v3.10.10
152 error code ELIFECYCLE
153 error homebrew@0.1.0 postinstall: `ruby -e "$(curl -fsSL https://raw.githubusercontent.com/Homebrew/install/master/install)"`
153 error Exit status 1
154 error Failed at the homebrew@0.1.0 postinstall script 'ruby -e "$(curl -fsSL https://raw.githubusercontent.com/Homebrew/install/master/install)"'.
154 error Make sure you have the latest version of node.js and npm installed.
154 error If you do, this is most likely a problem with the homebrew package,
154 error not with npm itself.
154 error Tell the author that this fails on your system:
154 error     ruby -e "$(curl -fsSL https://raw.githubusercontent.com/Homebrew/install/master/install)"
154 error You can get information on how to open an issue for this project with:
154 error     npm bugs homebrew
154 error Or if that isn't available, you can get their info via:
154 error     npm owner ls homebrew
154 error There is likely additional logging output above.
155 verbose exit [ 1, true ]
